#
# There is insufficient memory for the Java Runtime Environment to continue.
# Native memory allocation (mmap) failed to map 12288 bytes for committing reserved memory.
# Possible reasons:
#   The system is out of physical RAM or swap space
#   In 32 bit mode, the process size limit was hit
# Possible solutions:
#   Reduce memory load on the system
#   Increase physical memory or swap space
#   Check if swap backing store is full
#   Use 64 bit Java on a 64 bit OS
#   Decrease Java heap size (-Xmx/-Xms)
#   Decrease number of Java threads
#   Decrease Java thread stack sizes (-Xss)
#   Set larger code cache with -XX:ReservedCodeCacheSize=
# This output file may be truncated or incomplete.
#
#  Out of Memory Error (os_linux.cpp:2657), pid=4272, tid=0x00007f29e0cd2700
#
# JRE version: OpenJDK Runtime Environment (8.0_171-b10) (build 1.8.0_171-b10)
# Java VM: OpenJDK 64-Bit Server VM (25.171-b10 mixed mode linux-amd64 compressed oops)
# Failed to write core dump. Core dumps have been disabled. To enable core dumping, try "ulimit -c unlimited" before starting Java again
#

---------------  T H R E A D  ---------------

Current thread (0x00007f2a10d66660):  JavaThread "Secondary finalizer" [_thread_new, id=4365, stack(0x00007f29e0bd2000,0x00007f29e0cd3000)]

Stack: [0x00007f29e0bd2000,0x00007f29e0cd3000],  sp=0x00007f29e0cd1b60,  free space=1022k
Native frames: (J=compiled Java code, j=interpreted, Vv=VM code, C=native code)
V  [libjvm.so+0xab484d]
V  [libjvm.so+0x4ec98a]
V  [libjvm.so+0x8b0b00]
V  [libjvm.so+0x8ab28e]
V  [libjvm.so+0x8b2037]
V  [libjvm.so+0xa5de1e]
V  [libjvm.so+0x8ae282]
C  [libpthread.so.0+0x7de5]  start_thread+0xc5


---------------  P R O C E S S  ---------------

Java Threads: ( => current thread )
=>0x00007f2a10d66660 JavaThread "Secondary finalizer" [_thread_new, id=4365, stack(0x00007f29e0bd2000,0x00007f29e0cd3000)]
  0x00007f29f0083e10 JavaThread "sbt-web-akka.actor.default-dispatcher-4" [_thread_blocked, id=4327, stack(0x00007f29e27fe000,0x00007f29e28ff000)]
  0x00007f2a11681ea0 JavaThread "sbt-web-scheduler-1" [_thread_blocked, id=4324, stack(0x00007f29e1ee4000,0x00007f29e1fe5000)]
  0x00007f2a12436f20 JavaThread "Log4j2-TF-1-AsyncLogger[AsyncContext@25bbe1b6]-1" daemon [_thread_blocked, id=4298, stack(0x00007f29f95d6000,0x00007f29f96d7000)]
  0x00007f2a100eb3b0 JavaThread "Service Thread" daemon [_thread_blocked, id=4280, stack(0x00007f2a15066000,0x00007f2a15167000)]
  0x00007f2a100dc290 JavaThread "C1 CompilerThread1" daemon [_thread_in_vm, id=4279, stack(0x00007f2a15168000,0x00007f2a15268000)]
  0x00007f2a100da6f0 JavaThread "C2 CompilerThread0" daemon [_thread_blocked, id=4278, stack(0x00007f2a15269000,0x00007f2a15369000)]
  0x00007f2a100d8db0 JavaThread "Signal Dispatcher" daemon [_thread_blocked, id=4277, stack(0x00007f2a15369000,0x00007f2a1546a000)]
  0x00007f2a100af850 JavaThread "Finalizer" daemon [_thread_in_vm, id=4276, stack(0x00007f2a1546a000,0x00007f2a1556b000)]
  0x00007f2a100ab5e0 JavaThread "Reference Handler" daemon [_thread_blocked, id=4275, stack(0x00007f2a1556b000,0x00007f2a1566c000)]
  0x00007f2a10009570 JavaThread "main" [_thread_blocked, id=4273, stack(0x00007f2a196cf000,0x00007f2a197cf000)]

Other Threads:
  0x00007f2a100a21a0 VMThread [stack: 0x00007f2a1566d000,0x00007f2a1576d000] [id=4274]
  0x00007f2a1001b470 WatcherThread [stack: 0x00007f2a14f66000,0x00007f2a15066000] [id=4281]

VM state:synchronizing (normal execution)

VM Mutex/Monitor currently owned by a thread:  ([mutex/lock_event])
[0x00007f2a10006f70] Safepoint_lock - owner thread: 0x00007f2a100a21a0
[0x00007f2a10006ff0] Threads_lock - owner thread: 0x00007f2a100a21a0

Heap:
 def new generation   total 314560K, used 1942K [0x00000000c0000000, 0x00000000d5550000, 0x00000000d5550000)
  eden space 279616K,   0% used [0x00000000c0000000, 0x00000000c01e5a88, 0x00000000d1110000)
  from space 34944K,   0% used [0x00000000d1110000, 0x00000000d1110000, 0x00000000d3330000)
  to   space 34944K,   0% used [0x00000000d3330000, 0x00000000d3330000, 0x00000000d5550000)
 tenured generation   total 699072K, used 119116K [0x00000000d5550000, 0x0000000100000000, 0x0000000100000000)
   the space 699072K,  17% used [0x00000000d5550000, 0x00000000dc9a31c8, 0x00000000dc9a3200, 0x0000000100000000)
 Metaspace       used 116265K, capacity 134417K, committed 134808K, reserved 1167360K
  class space    used 15425K, capacity 16408K, committed 16536K, reserved 1048576K

Card table byte_map: [0x00007f2a162e0000,0x00007f2a164e1000] byte_map_base: 0x00007f2a15ce0000

Polling page: 0x00007f2a197da000

CodeCache: size=131072Kb used=46323Kb max_used=47162Kb free=84748Kb
 bounds [0x00007f2a08000000, 0x00007f2a0ae50000, 0x00007f2a10000000]
 total_blobs=17351 nmethods=16635 adapters=623
 compilation: enabled

Compilation events (10 events):
Event: 289.356 Thread 0x00007f2a100dc290 20636       3       java.util.GregorianCalendar::computeFields (1571 bytes)
Event: 289.587 Thread 0x00007f2a100dc290 nmethod 20636 0x00007f2a09b3a950 code [0x00007f2a09b3b040, 0x00007f2a09b41040]
Event: 289.642 Thread 0x00007f2a100dc290 20620       1       sun.util.calendar.CalendarDate::getMillis (5 bytes)
Event: 289.768 Thread 0x00007f2a100dc290 nmethod 20620 0x00007f2a081b8450 code [0x00007f2a081b85a0, 0x00007f2a081b86b0]
Event: 289.778 Thread 0x00007f2a100da6f0 nmethod 20638 0x00007f2a0abe92d0 code [0x00007f2a0abe9480, 0x00007f2a0abe9858]
Event: 289.778 Thread 0x00007f2a100da6f0 20642       4       org.apache.commons.compress.archivers.zip.StreamCompressor::writeCounted (30 bytes)
Event: 290.847 Thread 0x00007f2a100dc290 20644       1       sbt.internal.util.AbstractEntry::execId (5 bytes)
Event: 291.214 Thread 0x00007f2a100dc290 nmethod 20644 0x00007f2a0a6dc350 code [0x00007f2a0a6dc4a0, 0x00007f2a0a6dc5b0]
Event: 291.325 Thread 0x00007f2a100dc290 20649       3       sbt.internal.util.RMap::$anonfun$toTypedSeq$1 (63 bytes)
Event: 293.741 Thread 0x00007f2a100dc290 nmethod 20649 0x00007f2a0abe8710 code [0x00007f2a0abe88e0, 0x00007f2a0abe9000]

GC Heap History (10 events):
Event: 54.876 GC heap before
{Heap before GC invocations=10 (full 6):
 def new generation   total 314560K, used 279616K [0x00000000c0000000, 0x00000000d5550000, 0x00000000d5550000)
  eden space 279616K, 100% used [0x00000000c0000000, 0x00000000d1110000, 0x00000000d1110000)
  from space 34944K,   0% used [0x00000000d1110000, 0x00000000d1110000, 0x00000000d3330000)
  to   space 34944K,   0% used [0x00000000d3330000, 0x00000000d3330000, 0x00000000d5550000)
 tenured generation   total 699072K, used 104666K [0x00000000d5550000, 0x0000000100000000, 0x0000000100000000)
   the space 699072K,  14% used [0x00000000d5550000, 0x00000000dbb86858, 0x00000000dbb86a00, 0x0000000100000000)
 Metaspace       used 107832K, capacity 124611K, committed 124824K, reserved 1159168K
  class space    used 14267K, capacity 15196K, committed 15256K, reserved 1048576K
Event: 54.964 GC heap after
Heap after GC invocations=11 (full 6):
 def new generation   total 314560K, used 31095K [0x00000000c0000000, 0x00000000d5550000, 0x00000000d5550000)
  eden space 279616K,   0% used [0x00000000c0000000, 0x00000000c0000000, 0x00000000d1110000)
  from space 34944K,  88% used [0x00000000d3330000, 0x00000000d518df28, 0x00000000d5550000)
  to   space 34944K,   0% used [0x00000000d1110000, 0x00000000d1110000, 0x00000000d3330000)
 tenured generation   total 699072K, used 104666K [0x00000000d5550000, 0x0000000100000000, 0x0000000100000000)
   the space 699072K,  14% used [0x00000000d5550000, 0x00000000dbb86858, 0x00000000dbb86a00, 0x0000000100000000)
 Metaspace       used 107832K, capacity 124611K, committed 124824K, reserved 1159168K
  class space    used 14267K, capacity 15196K, committed 15256K, reserved 1048576K
}
Event: 60.242 GC heap before
{Heap before GC invocations=11 (full 6):
 def new generation   total 314560K, used 310711K [0x00000000c0000000, 0x00000000d5550000, 0x00000000d5550000)
  eden space 279616K, 100% used [0x00000000c0000000, 0x00000000d1110000, 0x00000000d1110000)
  from space 34944K,  88% used [0x00000000d3330000, 0x00000000d518df28, 0x00000000d5550000)
  to   space 34944K,   0% used [0x00000000d1110000, 0x00000000d1110000, 0x00000000d3330000)
 tenured generation   total 699072K, used 104666K [0x00000000d5550000, 0x0000000100000000, 0x0000000100000000)
   the space 699072K,  14% used [0x00000000d5550000, 0x00000000dbb86858, 0x00000000dbb86a00, 0x0000000100000000)
 Metaspace       used 107905K, capacity 124675K, committed 124824K, reserved 1159168K
  class space    used 14267K, capacity 15196K, committed 15256K, reserved 1048576K
Event: 60.313 GC heap after
Heap after GC invocations=12 (full 6):
 def new generation   total 314560K, used 181K [0x00000000c0000000, 0x00000000d5550000, 0x00000000d5550000)
  eden space 279616K,   0% used [0x00000000c0000000, 0x00000000c0000000, 0x00000000d1110000)
  from space 34944K,   0% used [0x00000000d1110000, 0x00000000d113d4f0, 0x00000000d3330000)
  to   space 34944K,   0% used [0x00000000d3330000, 0x00000000d3330000, 0x00000000d5550000)
 tenured generation   total 699072K, used 130627K [0x00000000d5550000, 0x0000000100000000, 0x0000000100000000)
   the space 699072K,  18% used [0x00000000d5550000, 0x00000000dd4e0cc8, 0x00000000dd4e0e00, 0x0000000100000000)
 Metaspace       used 107905K, capacity 124675K, committed 124824K, reserved 1159168K
  class space    used 14267K, capacity 15196K, committed 15256K, reserved 1048576K
}
Event: 63.202 GC heap before
{Heap before GC invocations=12 (full 6):
 def new generation   total 314560K, used 279797K [0x00000000c0000000, 0x00000000d5550000, 0x00000000d5550000)
  eden space 279616K, 100% used [0x00000000c0000000, 0x00000000d1110000, 0x00000000d1110000)
  from space 34944K,   0% used [0x00000000d1110000, 0x00000000d113d4f0, 0x00000000d3330000)
  to   space 34944K,   0% used [0x00000000d3330000, 0x00000000d3330000, 0x00000000d5550000)
 tenured generation   total 699072K, used 130627K [0x00000000d5550000, 0x0000000100000000, 0x0000000100000000)
   the space 699072K,  18% used [0x00000000d5550000, 0x00000000dd4e0cc8, 0x00000000dd4e0e00, 0x0000000100000000)
 Metaspace       used 107924K, capacity 124739K, committed 124824K, reserved 1159168K
  class space    used 14267K, capacity 15196K, committed 15256K, reserved 1048576K
Event: 63.210 GC heap after
Heap after GC invocations=13 (full 6):
 def new generation   total 314560K, used 278K [0x00000000c0000000, 0x00000000d5550000, 0x00000000d5550000)
  eden space 279616K,   0% used [0x00000000c0000000, 0x00000000c0000000, 0x00000000d1110000)
  from space 34944K,   0% used [0x00000000d3330000, 0x00000000d3375b68, 0x00000000d5550000)
  to   space 34944K,   0% used [0x00000000d1110000, 0x00000000d1110000, 0x00000000d3330000)
 tenured generation   total 699072K, used 130627K [0x00000000d5550000, 0x0000000100000000, 0x0000000100000000)
   the space 699072K,  18% used [0x00000000d5550000, 0x00000000dd4e0cc8, 0x00000000dd4e0e00, 0x0000000100000000)
 Metaspace       used 107924K, capacity 124739K, committed 124824K, reserved 1159168K
  class space    used 14267K, capacity 15196K, committed 15256K, reserved 1048576K
}
Event: 66.782 GC heap before
{Heap before GC invocations=13 (full 6):
 def new generation   total 314560K, used 279894K [0x00000000c0000000, 0x00000000d5550000, 0x00000000d5550000)
  eden space 279616K, 100% used [0x00000000c0000000, 0x00000000d1110000, 0x00000000d1110000)
  from space 34944K,   0% used [0x00000000d3330000, 0x00000000d3375b68, 0x00000000d5550000)
  to   space 34944K,   0% used [0x00000000d1110000, 0x00000000d1110000, 0x00000000d3330000)
 tenured generation   total 699072K, used 130627K [0x00000000d5550000, 0x0000000100000000, 0x0000000100000000)
   the space 699072K,  18% used [0x00000000d5550000, 0x00000000dd4e0cc8, 0x00000000dd4e0e00, 0x0000000100000000)
 Metaspace       used 108916K, capacity 125971K, committed 126232K, reserved 1161216K
  class space    used 14385K, capacity 15330K, committed 15384K, reserved 1048576K
Event: 66.797 GC heap after
Heap after GC invocations=14 (full 6):
 def new generation   total 314560K, used 3220K [0x00000000c0000000, 0x00000000d5550000, 0x00000000d5550000)
  eden space 279616K,   0% used [0x00000000c0000000, 0x00000000c0000000, 0x00000000d1110000)
  from space 34944K,   9% used [0x00000000d1110000, 0x00000000d14352c8, 0x00000000d3330000)
  to   space 34944K,   0% used [0x00000000d3330000, 0x00000000d3330000, 0x00000000d5550000)
 tenured generation   total 699072K, used 130627K [0x00000000d5550000, 0x0000000100000000, 0x0000000100000000)
   the space 699072K,  18% used [0x00000000d5550000, 0x00000000dd4e0cc8, 0x00000000dd4e0e00, 0x0000000100000000)
 Metaspace       used 108916K, capacity 125971K, committed 126232K, reserved 1161216K
  class space    used 14385K, capacity 15330K, committed 15384K, reserved 1048576K
}
Event: 291.827 GC heap before
{Heap before GC invocations=14 (full 6):
 def new generation   total 314560K, used 210016K [0x00000000c0000000, 0x00000000d5550000, 0x00000000d5550000)
  eden space 279616K,  73% used [0x00000000c0000000, 0x00000000cc9f3048, 0x00000000d1110000)
  from space 34944K,   9% used [0x00000000d1110000, 0x00000000d14352c8, 0x00000000d3330000)
  to   space 34944K,   0% used [0x00000000d3330000, 0x00000000d3330000, 0x00000000d5550000)
 tenured generation   total 699072K, used 130627K [0x00000000d5550000, 0x0000000100000000, 0x0000000100000000)
   the space 699072K,  18% used [0x00000000d5550000, 0x00000000dd4e0cc8, 0x00000000dd4e0e00, 0x0000000100000000)
 Metaspace       used 116282K, capacity 134437K, committed 134808K, reserved 1167360K
  class space    used 15428K, capacity 16412K, committed 16536K, reserved 1048576K
Event: 293.096 GC heap after
Heap after GC invocations=15 (full 7):
 def new generation   total 314560K, used 0K [0x00000000c0000000, 0x00000000d5550000, 0x00000000d5550000)
  eden space 279616K,   0% used [0x00000000c0000000, 0x00000000c0000000, 0x00000000d1110000)
  from space 34944K,   0% used [0x00000000d1110000, 0x00000000d1110000, 0x00000000d3330000)
  to   space 34944K,   0% used [0x00000000d3330000, 0x00000000d3330000, 0x00000000d5550000)
 tenured generation   total 699072K, used 119116K [0x00000000d5550000, 0x0000000100000000, 0x0000000100000000)
   the space 699072K,  17% used [0x00000000d5550000, 0x00000000dc9a31c8, 0x00000000dc9a3200, 0x0000000100000000)
 Metaspace       used 116265K, capacity 134417K, committed 134808K, reserved 1167360K
  class space    used 15425K, capacity 16408K, committed 16536K, reserved 1048576K
}

Deoptimization events (10 events):
Event: 156.917 Thread 0x00007f2a10d62740 Uncommon trap: reason=class_check action=maybe_recompile pc=0x00007f2a09204f3c method=java.net.URLClassLoader.defineClass(Ljava/lang/String;Lsun/misc/Resource;)Ljava/lang/Class; @ 34
Event: 156.933 Thread 0x00007f2a10d62740 Uncommon trap: reason=class_check action=maybe_recompile pc=0x00007f2a09204f3c method=java.net.URLClassLoader.defineClass(Ljava/lang/String;Lsun/misc/Resource;)Ljava/lang/Class; @ 34
Event: 156.936 Thread 0x00007f2a10d62740 Uncommon trap: reason=bimorphic action=maybe_recompile pc=0x00007f2a08855678 method=scala.collection.immutable.List.flatMap(Lscala/Function1;Lscala/collection/generic/CanBuildFrom;)Ljava/lang/Object; @ 61
Event: 156.937 Thread 0x00007f2a10d62740 Uncommon trap: reason=bimorphic action=maybe_recompile pc=0x00007f2a08855678 method=scala.collection.immutable.List.flatMap(Lscala/Function1;Lscala/collection/generic/CanBuildFrom;)Ljava/lang/Object; @ 61
Event: 157.022 Thread 0x00007f2a10d62740 Uncommon trap: reason=class_check action=maybe_recompile pc=0x00007f2a09204f3c method=java.net.URLClassLoader.defineClass(Ljava/lang/String;Lsun/misc/Resource;)Ljava/lang/Class; @ 34
Event: 157.024 Thread 0x00007f2a10d62740 Uncommon trap: reason=class_check action=maybe_recompile pc=0x00007f2a09204f3c method=java.net.URLClassLoader.defineClass(Ljava/lang/String;Lsun/misc/Resource;)Ljava/lang/Class; @ 34
Event: 160.293 Thread 0x000000000179ce90 Uncommon trap: reason=bimorphic action=maybe_recompile pc=0x00007f2a0a6c078c method=scala.collection.mutable.HashTable.resize(I)V @ 1
Event: 160.294 Thread 0x000000000179ce90 Uncommon trap: reason=bimorphic action=maybe_recompile pc=0x00007f2a0a6c078c method=scala.collection.mutable.HashTable.resize(I)V @ 1
Event: 160.294 Thread 0x000000000179ce90 Uncommon trap: reason=bimorphic action=maybe_recompile pc=0x00007f2a0a6c078c method=scala.collection.mutable.HashTable.resize(I)V @ 1
Event: 266.740 Thread 0x00007f2a10d66660 Uncommon trap: reason=unstable_if action=reinterpret pc=0x00007f2a0819b698 method=sun.util.calendar.BaseCalendar.getDayOfWeekFromFixedDate(J)I @ 3

Classes redefined (0 events):
No events

Internal exceptions (10 events):
Event: 156.891 Thread 0x00007f2a10d62740 Exception <a 'java/security/PrivilegedActionException'> (0x00000000c947ce98) thrown at [/builddir/build/BUILD/java-1.8.0-openjdk-1.8.0.171-8.b10.38.amzn1.x86_64/openjdk/hotspot/src/share/vm/prims/jvm.cpp, line 1445]
Event: 156.891 Thread 0x00007f2a10d62740 Exception <a 'java/security/PrivilegedActionException'> (0x00000000c9480008) thrown at [/builddir/build/BUILD/java-1.8.0-openjdk-1.8.0.171-8.b10.38.amzn1.x86_64/openjdk/hotspot/src/share/vm/prims/jvm.cpp, line 1445]
Event: 156.891 Thread 0x00007f2a10d62740 Exception <a 'java/security/PrivilegedActionException'> (0x00000000c94805e8) thrown at [/builddir/build/BUILD/java-1.8.0-openjdk-1.8.0.171-8.b10.38.amzn1.x86_64/openjdk/hotspot/src/share/vm/prims/jvm.cpp, line 1445]
Event: 156.897 Thread 0x00007f2a10d62740 Exception <a 'java/security/PrivilegedActionException'> (0x00000000c9481ac0) thrown at [/builddir/build/BUILD/java-1.8.0-openjdk-1.8.0.171-8.b10.38.amzn1.x86_64/openjdk/hotspot/src/share/vm/prims/jvm.cpp, line 1445]
Event: 156.897 Thread 0x00007f2a10d62740 Exception <a 'java/security/PrivilegedActionException'> (0x00000000c94820a0) thrown at [/builddir/build/BUILD/java-1.8.0-openjdk-1.8.0.171-8.b10.38.amzn1.x86_64/openjdk/hotspot/src/share/vm/prims/jvm.cpp, line 1445]
Event: 157.043 Thread 0x00007f2a10d62740 Exception <a 'java/lang/NoSuchMethodError': java.lang.Object.$anonfun$constantValue$1$adapted(Ljava/lang/String;Lsbt/internal/inc/classfile/FieldOrMethodInfo;)Ljava/lang/Object;> (0x00000000c96863a0) thrown at [/builddir/build/BUILD/java-1.8.0-openjdk-1.8
Event: 157.043 Thread 0x00007f2a10d62740 Exception <a 'java/lang/NoSuchMethodError': java.lang.Object.$anonfun$constantValue$2$adapted(Ljava/lang/String;Ljava/lang/String;)Ljava/lang/Object;> (0x00000000c968bda0) thrown at [/builddir/build/BUILD/java-1.8.0-openjdk-1.8.0.171-8.b10.38.amzn1.x86_64
Event: 157.044 Thread 0x00007f2a10d62740 Exception <a 'java/lang/NoSuchMethodError': java.lang.Object.$anonfun$constantValue$3(Lsbt/internal/inc/classfile/FieldOrMethodInfo;)Lscala/collection/IndexedSeq;> (0x00000000c9690550) thrown at [/builddir/build/BUILD/java-1.8.0-openjdk-1.8.0.171-8.b10.38
Event: 157.047 Thread 0x00007f2a10d62740 Exception <a 'java/lang/NoSuchMethodError': java.lang.Object.$anonfun$constantValue$4(Lsbt/internal/inc/classfile/ClassFile;Lsbt/internal/inc/classfile/Constant;)Ljava/lang/Object;> (0x00000000c96a12d8) thrown at [/builddir/build/BUILD/java-1.8.0-openjdk-
Event: 242.956 Thread 0x00007f2a10d66660 Exception <a 'java/lang/NoSuchMethodError': java.lang.Object.$anonfun$generateApplicationIni$1(Lscala/collection/Seq;)Lscala/collection/Seq;> (0x00000000cb1313f8) thrown at [/builddir/build/BUILD/java-1.8.0-openjdk-1.8.0.171-8.b10.38.amzn1.x86_64/openjdk/

Events (10 events):
Event: 289.909 loading class scala/Function0 done
Event: 291.727 Thread 0x000000000179ce90 Thread exited: 0x000000000179ce90
Event: 291.738 Executing VM operation: GenCollectFull
Event: 291.727 Thread 0x0000000001398eb0 Thread exited: 0x0000000001398eb0
Event: 291.727 Thread 0x00007f2a10d66660 Thread exited: 0x00007f2a10d66660
Event: 293.452 Executing VM operation: GenCollectFull done
Event: 294.145 Thread 0x00007f2a100dc290 flushing nmethod 0x00007f2a0818ab90
Event: 294.302 Thread 0x00007f2a10d66660 Thread added: 0x00007f2a10d66660
Event: 294.386 Thread 0x00007f2a100dc290 flushing nmethod 0x00007f2a081b4510
Event: 294.576 Thread 0x00007f2a100dc290 flushing nmethod 0x00007f2a081c1790


Dynamic libraries:
00400000-00401000 r-xp 00000000 ca:01 441000                             /usr/lib/jvm/java-1.8.0-openjdk-1.8.0.171-8.b10.38.amzn1.x86_64/jre/bin/java
00600000-00601000 rw-p 00000000 ca:01 441000                             /usr/lib/jvm/java-1.8.0-openjdk-1.8.0.171-8.b10.38.amzn1.x86_64/jre/bin/java
01015000-01b12000 rw-p 00000000 00:00 0                                  [heap]
c0000000-101026000 rw-p 00000000 00:00 0 
101026000-140000000 ---p 00000000 00:00 0 
7f29dda0a000-7f29ddb8a000 rw-p 00000000 00:00 0 
7f29ddb8a000-7f29ddc0a000 ---p 00000000 00:00 0 
7f29ddc0a000-7f29dde0a000 rw-p 00000000 00:00 0 
7f29dde0a000-7f29de00a000 rw-p 00000000 00:00 0 
7f29de00a000-7f29de20a000 rw-p 00000000 00:00 0 
7f29de20a000-7f29de40a000 rw-p 00000000 00:00 0 
7f29de40a000-7f29de60a000 rw-p 00000000 00:00 0 
7f29de60a000-7f29de80a000 rw-p 00000000 00:00 0 
7f29de80a000-7f29dea0a000 rw-p 00000000 00:00 0 
7f29dea0a000-7f29dec0a000 rw-p 00000000 00:00 0 
7f29dec0a000-7f29dee0a000 rw-p 00000000 00:00 0 
7f29dee0a000-7f29df00a000 rw-p 00000000 00:00 0 
7f29df00a000-7f29df20a000 rw-p 00000000 00:00 0 
7f29df20a000-7f29df40a000 rw-p 00000000 00:00 0 
7f29df40a000-7f29df60a000 rw-p 00000000 00:00 0 
7f29df60a000-7f29df80a000 rw-p 00000000 00:00 0 
7f29df80a000-7f29dfa0a000 rw-p 00000000 00:00 0 
7f29dfa0a000-7f29dfc0a000 rw-p 00000000 00:00 0 
7f29dfc0a000-7f29dfc0d000 ---p 00000000 00:00 0 
7f29dfc0d000-7f29dfd0b000 rw-p 00000000 00:00 0 
7f29dfd0b000-7f29dfd0e000 ---p 00000000 00:00 0 
7f29dfd0e000-7f29dfe0c000 rw-p 00000000 00:00 0 
7f29dfe0c000-7f29dfe0f000 ---p 00000000 00:00 0 
7f29dfe0f000-7f29e010d000 rw-p 00000000 00:00 0 
7f29e013b000-7f29e013e000 r--s 00031000 ca:01 51781                      /home/ec2-user/.sbt/boot/scala-2.12.6/org.scala-sbt/sbt/1.2.0/org.scala-sbt-compiler-bridge_2.12-1.2.0-bin_2.12.6__52.0/org.scala-sbt-compiler-bridge_2.12-1.2.0-bin_2.12.6__52.0.jar
7f29e013e000-7f29e0140000 r--s 00009000 ca:01 295080                     /tmp/sbt_eb913a4c/srcs/org.scala-sbt/compiler-bridge_2.12/compiler-bridge_2.12-1.2.0-sources.jar (deleted)
7f29e0140000-7f29e0141000 r--s 00000000 ca:01 295084                     /tmp/sbt_eb913a4c/jars/org.scala-sbt/util-interface/util-interface-1.2.0.jar (deleted)
7f29e0141000-7f29e0145000 r--s 00013000 ca:01 295131                     /tmp/sbt_eb913a4c/jars/org.scala-sbt/compiler-interface/compiler-interface-1.2.0.jar (deleted)
7f29e0145000-7f29e0345000 rw-p 00000000 00:00 0 
7f29e0345000-7f29e0545000 rw-p 00000000 00:00 0 
7f29e0545000-7f29e0555000 r--s 001c7000 ca:01 51508                      /home/ec2-user/.ivy2/cache/com.h2database/h2/jars/h2-1.4.197.jar
7f29e0555000-7f29e0556000 r--s 0000a000 ca:01 52517                      /home/ec2-user/.ivy2/cache/com.google.inject.extensions/guice-assistedinject/jars/guice-assistedinject-4.2.0.jar
7f29e0556000-7f29e0566000 r--s 000ba000 ca:01 52516                      /home/ec2-user/.ivy2/cache/com.google.inject/guice/jars/guice-4.2.0.jar
7f29e0566000-7f29e0569000 r--s 00014000 ca:01 52999                      /home/ec2-user/.ivy2/cache/com.typesafe.play/play-guice_2.12/jars/play-guice_2.12-2.7.0-M3.jar
7f29e0569000-7f29e056e000 r--s 00055000 ca:01 52998                      /home/ec2-user/.ivy2/cache/com.typesafe.play/filters-helpers_2.12/jars/filters-helpers_2.12-2.7.0-M3.jar
7f29e056e000-7f29e057a000 r--s 000e1000 ca:01 52515                      /home/ec2-user/.ivy2/cache/com.typesafe.akka/akka-parsing_2.12/jars/akka-parsing_2.12-10.1.3.jar
7f29e057a000-7f29e05a8000 r--s 0032b000 ca:01 52514                      /home/ec2-user/.ivy2/cache/com.typesafe.akka/akka-http-core_2.12/jars/akka-http-core_2.12-10.1.3.jar
7f29e05a8000-7f29e05aa000 r--s 00019000 ca:01 52997                      /home/ec2-user/.ivy2/cache/com.typesafe.play/play-akka-http-server_2.12/jars/play-akka-http-server_2.12-2.7.0-M3.jar
7f29e05aa000-7f29e05b5000 r--s 00069000 ca:01 51551                      /home/ec2-user/.ivy2/cache/ch.qos.logback/logback-core/jars/logback-core-1.2.3.jar
7f29e05b5000-7f29e05bb000 r--s 00041000 ca:01 51550                      /home/ec2-user/.ivy2/cache/ch.qos.logback/logback-classic/jars/logback-classic-1.2.3.jar
7f29e05bb000-7f29e05bc000 r--s 00002000 ca:01 52996                      /home/ec2-user/.ivy2/cache/com.typesafe.play/play-logback_2.12/jars/play-logback_2.12-2.7.0-M3.jar
7f29e05bc000-7f29e05bd000 r--s 00003000 ca:01 51539                      /home/ec2-user/.ivy2/cache/javax.transaction/jta/jars/jta-1.1.jar
7f29e05bd000-7f29e05c1000 r--s 0001b000 ca:01 51536                      /home/ec2-user/.ivy2/cache/javax.xml.bind/jaxb-api/jars/jaxb-api-2.3.0.jar
7f29e05c1000-7f29e05c4000 r--s 00019000 ca:01 52507                      /home/ec2-user/.ivy2/cache/io.jsonwebtoken/jjwt/jars/jjwt-0.9.0.jar
7f29e05c4000-7f29e05c6000 r--s 00002000 ca:01 52513                      /home/ec2-user/.ivy2/cache/com.google.errorprone/error_prone_annotations/jars/error_prone_annotations-2.1.3.jar
7f29e05c6000-7f29e05d0000 r--s 00026000 ca:01 53010                      /home/ec2-user/.ivy2/cache/org.checkerframework/checker-qual/jars/checker-qual-2.5.2.jar
7f29e05d0000-7f29e05d2000 r--s 00003000 ca:01 51568                      /home/ec2-user/.ivy2/cache/com.google.code.findbugs/jsr305/jars/jsr305-3.0.2.jar
7f29e05d2000-7f29e0604000 r--s 0026c000 ca:01 53003                      /home/ec2-user/.ivy2/cache/com.google.guava/guava/bundles/guava-26.0-jre.jar
7f29e0604000-7f29e0615000 r--s 0008a000 ca:01 51549                      /home/ec2-user/.ivy2/cache/joda-time/joda-time/jars/joda-time-2.9.9.jar
7f29e0615000-7f29e0616000 r--s 00000000 ca:01 51547                      /home/ec2-user/.ivy2/cache/org.typelevel/macro-compat_2.12/jars/macro-compat_2.12-1.1.1.jar
7f29e0616000-7f29e0619000 r--s 00029000 ca:01 53013                      /home/ec2-user/.ivy2/cache/com.typesafe.play/play-functional_2.12/jars/play-functional_2.12-2.6.10.jar
7f29e0619000-7f29e0620000 r--s 0009b000 ca:01 53002                      /home/ec2-user/.ivy2/cache/com.typesafe.play/play-json_2.12/jars/play-json_2.12-2.6.10.jar
7f29e0620000-7f29e0623000 r--s 00016000 ca:01 52505                      /home/ec2-user/.ivy2/cache/com.fasterxml.jackson.datatype/jackson-datatype-jsr310/bundles/jackson-datatype-jsr310-2.9.6.jar
7f29e0623000-7f29e0625000 r--s 00007000 ca:01 52504                      /home/ec2-user/.ivy2/cache/com.fasterxml.jackson.datatype/jackson-datatype-jdk8/bundles/jackson-datatype-jdk8-2.9.6.jar
7f29e0625000-7f29e0638000 r--s 00137000 ca:01 52503                      /home/ec2-user/.ivy2/cache/com.fasterxml.jackson.core/jackson-databind/bundles/jackson-databind-2.9.6.jar
7f29e0638000-7f29e063b000 r--s 0000e000 ca:01 52502                      /home/ec2-user/.ivy2/cache/com.fasterxml.jackson.core/jackson-annotations/bundles/jackson-annotations-2.9.6.jar
7f29e063b000-7f29e0640000 r--s 0004b000 ca:01 52501                      /home/ec2-user/.ivy2/cache/com.fasterxml.jackson.core/jackson-core/bundles/jackson-core-2.9.6.jar
7f29e0640000-7f29e0641000 r--s 00003000 ca:01 52995                      /home/ec2-user/.ivy2/cache/com.typesafe.akka/akka-slf4j_2.12/jars/akka-slf4j_2.12-2.5.15.jar
7f29e0641000-7f29e0643000 r--s 00003000 ca:01 51518                      /home/ec2-user/.ivy2/cache/org.slf4j/jcl-over-slf4j/jars/jcl-over-slf4j-1.7.25.jar
7f29e0643000-7f29e0645000 r--s 00000000 ca:01 51516                      /home/ec2-user/.ivy2/cache/org.slf4j/jul-to-slf4j/jars/jul-to-slf4j-1.7.25.jar
7f29e0645000-7f29e0649000 r--s 00034000 ca:01 53014                      /home/ec2-user/.ivy2/cache/org.scala-lang.modules/scala-parser-combinators_2.12/bundles/scala-parser-combinators_2.12-1.1.1.jar
7f29e0649000-7f29e064c000 r--s 00039000 ca:01 53004                      /home/ec2-user/.ivy2/cache/com.typesafe/ssl-config-core_2.12/bundles/ssl-config-core_2.12-0.2.4.jar
7f29e064c000-7f29e0653000 r--s 00070000 ca:01 53006                      /home/ec2-user/.ivy2/cache/com.typesafe.akka/akka-protobuf_2.12/jars/akka-protobuf_2.12-2.5.15.jar
7f29e0653000-7f29e0678000 r--s 0031f000 ca:01 53001                      /home/ec2-user/.ivy2/cache/com.typesafe.akka/akka-actor_2.12/jars/akka-actor_2.12-2.5.15.jar
7f29e0678000-7f29e06ac000 r--s 003aa000 ca:01 53011                      /home/ec2-user/.ivy2/cache/com.typesafe.akka/akka-stream_2.12/jars/akka-stream_2.12-2.5.15.jar
7f29e06ac000-7f29e06ad000 r--s 00000000 ca:01 51540                      /home/ec2-user/.ivy2/cache/org.reactivestreams/reactive-streams/jars/reactive-streams-1.0.2.jar
7f29e06ad000-7f29e06af000 r--s 00014000 ca:01 53000                      /home/ec2-user/.ivy2/cache/com.typesafe.play/play-streams_2.12/jars/play-streams_2.12-2.7.0-M3.jar
7f29e06af000-7f29e06cd000 r--s 0028b000 ca:01 53005                      /home/ec2-user/.ivy2/cache/com.typesafe.play/play_2.12/jars/play_2.12-2.7.0-M3.jar
7f29e06cd000-7f29e06d1000 r--s 00034000 ca:01 52994                      /home/ec2-user/.ivy2/cache/com.typesafe.play/play-server_2.12/jars/play-server_2.12-2.7.0-M3.jar
7f29e06d1000-7f29e08d1000 rw-p 00000000 00:00 0 
7f29e08d1000-7f29e0ad1000 rw-p 00000000 00:00 0 
7f29e0ad1000-7f29e0ad4000 ---p 00000000 00:00 0 
7f29e0ad4000-7f29e0bd2000 rw-p 00000000 00:00 0 
7f29e0bd5000-7f29e0cd3000 rw-p 00000000 00:00 0 
7f29e0cd3000-7f29e0cd6000 ---p 00000000 00:00 0 
7f29e0cd6000-7f29e0dd4000 rw-p 00000000 00:00 0 
7f29e0dd4000-7f29e0dd7000 ---p 00000000 00:00 0 
7f29e0dd7000-7f29e0ed5000 rw-p 00000000 00:00 0 
7f29e0ed5000-7f29e0ed8000 ---p 00000000 00:00 0 
7f29e0ed8000-7f29e11d6000 rw-p 00000000 00:00 0 
7f29e11d6000-7f29e11d9000 ---p 00000000 00:00 0 
7f29e11d9000-7f29e14d7000 rw-p 00000000 00:00 0 
7f29e14d7000-7f29e16d7000 rw-p 00000000 00:00 0 
7f29e16d7000-7f29e18d7000 rw-p 00000000 00:00 0 
7f29e18d7000-7f29e193f000 r--s 00319000 ca:01 50949                      /home/ec2-user/.ivy2/cache/org.webjars/npm/jars/npm-4.2.0.jar
7f29e193f000-7f29e1940000 r--s 00001000 ca:01 50913                      /home/ec2-user/.ivy2/cache/com.typesafe/npm_2.12/jars/npm_2.12-1.2.1.jar
7f29e1940000-7f29e1943000 r--s 00041000 ca:01 50921                      /home/ec2-user/.ivy2/cache/io.spray/spray-json_2.12/bundles/spray-json_2.12-1.3.3.jar
7f29e1943000-7f29e1948000 r--s 000d1000 ca:01 50919                      /home/ec2-user/.ivy2/cache/io.apigee.trireme/trireme-node10src/jars/trireme-node10src-0.8.9.jar
7f29e1948000-7f29e1955000 r--s 00126000 ca:01 50947                      /home/ec2-user/.ivy2/cache/org.mozilla/rhino/jars/rhino-1.7.7.1.jar
7f29e1955000-7f29e195a000 r--s 0002b000 ca:01 50945                      /home/ec2-user/.ivy2/cache/io.apigee.trireme/trireme-kernel/jars/trireme-kernel-0.8.9.jar
7f29e195a000-7f29e195e000 r--s 00035000 ca:01 50917                      /home/ec2-user/.ivy2/cache/io.apigee.trireme/trireme-core/jars/trireme-core-0.8.9.jar
7f29e195e000-7f29e196a000 r--s 000c8000 ca:01 50929                      /home/ec2-user/.ivy2/cache/com.typesafe.akka/akka-persistence_2.12/jars/akka-persistence_2.12-2.5.4.jar
7f29e196a000-7f29e1973000 r--s 00086000 ca:01 50927                      /home/ec2-user/.ivy2/cache/com.typesafe.akka/akka-cluster-tools_2.12/jars/akka-cluster-tools_2.12-2.5.4.jar
7f29e1973000-7f29e197c000 r--s 000b1000 ca:01 50925                      /home/ec2-user/.ivy2/cache/com.typesafe.akka/akka-cluster_2.12/jars/akka-cluster_2.12-2.5.4.jar
7f29e197c000-7f29e1982000 r--s 0003c000 ca:01 50943                      /home/ec2-user/.ivy2/cache/org.agrona/agrona/jars/agrona-0.9.5.jar
7f29e1982000-7f29e1985000 r--s 00019000 ca:01 50939                      /home/ec2-user/.ivy2/cache/io.aeron/aeron-client/jars/aeron-client-1.2.5.jar
7f29e1985000-7f29e198a000 r--s 00031000 ca:01 50937                      /home/ec2-user/.ivy2/cache/io.aeron/aeron-driver/jars/aeron-driver-1.2.5.jar
7f29e198a000-7f29e19a3000 r--s 00123000 ca:01 50935                      /home/ec2-user/.ivy2/cache/io.netty/netty/bundles/netty-3.10.6.Final.jar
7f29e19a3000-7f29e19aa000 r--s 00070000 ca:01 50933                      /home/ec2-user/.ivy2/cache/com.typesafe.akka/akka-protobuf_2.12/jars/akka-protobuf_2.12-2.5.4.jar
7f29e19aa000-7f29e19ae000 r--s 00038000 ca:01 50941                      /home/ec2-user/.ivy2/cache/com.typesafe/ssl-config-core_2.12/bundles/ssl-config-core_2.12-0.2.1.jar
7f29e19ae000-7f29e19af000 r--s 00000000 ca:01 50940                      /home/ec2-user/.ivy2/cache/org.reactivestreams/reactive-streams/jars/reactive-streams-1.0.1.jar
7f29e19af000-7f29e19de000 r--s 00351000 ca:01 50931                      /home/ec2-user/.ivy2/cache/com.typesafe.akka/akka-stream_2.12/jars/akka-stream_2.12-2.5.4.jar
7f29e19de000-7f29e19f7000 r--s 0020f000 ca:01 50923                      /home/ec2-user/.ivy2/cache/com.typesafe.akka/akka-remote_2.12/jars/akka-remote_2.12-2.5.4.jar
7f29e19f7000-7f29e19fb000 r--s 00036000 ca:01 50915                      /home/ec2-user/.ivy2/cache/com.typesafe.akka/akka-contrib_2.12/jars/akka-contrib_2.12-2.5.4.jar
7f29e19fb000-7f29e19fd000 r--s 00020000 ca:01 50911                      /home/ec2-user/.ivy2/cache/com.typesafe/jse_2.12/jars/jse_2.12-1.2.3.jar
7f29e19fd000-7f29e1bfd000 rw-p 00000000 00:00 0 
7f29e1bfd000-7f29e1bfe000 r--s 00012000 ca:01 50721                      /home/ec2-user/.ivy2/cache/scala_2.12/sbt_1.0/com.typesafe.sbt/sbt-js-engine/jars/sbt-js-engine-1.2.2.jar
7f29e1bfe000-7f29e1c04000 r--s 00048000 ca:01 50909                      /home/ec2-user/.ivy2/cache/org.apache.commons/commons-lang3/jars/commons-lang3-3.1.jar
7f29e1c04000-7f29e1c06000 r--s 00006000 ca:01 50905                      /home/ec2-user/.ivy2/cache/org.webjars/webjars-locator-core/jars/webjars-locator-core-0.33.jar
7f29e1c06000-7f29e1c19000 r--s 0010a000 ca:01 50907                      /home/ec2-user/.ivy2/cache/org.scala-lang.modules/scala-java8-compat_2.12/bundles/scala-java8-compat_2.12-0.8.0.jar
7f29e1c19000-7f29e1c3b000 r--s 002e6000 ca:01 50903                      /home/ec2-user/.ivy2/cache/com.typesafe.akka/akka-actor_2.12/jars/akka-actor_2.12-2.5.4.jar
7f29e1c3b000-7f29e1c3d000 r--s 0001e000 ca:01 50719                      /home/ec2-user/.ivy2/cache/scala_2.12/sbt_1.0/com.typesafe.sbt/sbt-web/jars/sbt-web-1.4.3.jar
7f29e1c3d000-7f29e1c3e000 r--s 00008000 ca:01 50717                      /home/ec2-user/.ivy2/cache/scala_2.12/sbt_1.0/com.lightbend.sbt/sbt-javaagent/jars/sbt-javaagent-0.1.4.jar
7f29e1c3e000-7f29e1c45000 r--s 00038000 ca:01 50855                      /home/ec2-user/.ivy2/cache/org.bouncycastle/bcpg-jdk15on/jars/bcpg-jdk15on-1.51.jar
7f29e1c45000-7f29e1c49000 r--s 00020000 ca:01 50871                      /home/ec2-user/.ivy2/cache/org.eclipse.aether/aether-impl/jars/aether-impl-0.9.0.M2.jar
7f29e1c49000-7f29e1c4d000 r--s 0001d000 ca:01 50875                      /home/ec2-user/.ivy2/cache/org.eclipse.aether/aether-util/jars/aether-util-0.9.0.M2.jar
7f29e1c4d000-7f29e1c4f000 r--s 00003000 ca:01 50901                      /home/ec2-user/.ivy2/cache/org.eclipse.aether/aether-spi/jars/aether-spi-0.9.0.M2.jar
7f29e1c4f000-7f29e1c53000 r--s 0001d000 ca:01 50873                      /home/ec2-user/.ivy2/cache/org.eclipse.aether/aether-api/jars/aether-api-0.9.0.M2.jar
7f29e1c53000-7f29e1c55000 r--s 0000e000 ca:01 50869                      /home/ec2-user/.ivy2/cache/org.apache.maven/maven-aether-provider/jars/maven-aether-provider-3.2.2.jar
7f29e1c55000-7f29e1c5a000 r--s 00025000 ca:01 50867                      /home/ec2-user/.ivy2/cache/org.apache.maven/maven-model-builder/jars/maven-model-builder-3.2.2.jar
7f29e1c5a000-7f29e1c5d000 r--s 0000a000 ca:01 50883                      /home/ec2-user/.ivy2/cache/org.codehaus.plexus/plexus-classworlds/bundles/plexus-classworlds-2.5.1.jar
7f29e1c5d000-7f29e1c63000 r--s 00042000 ca:01 50895                      /home/ec2-user/.ivy2/cache/org.eclipse.sisu/org.eclipse.sisu.inject/eclipse-plugins/org.eclipse.sisu.inject-0.0.0.M5.jar
7f29e1c63000-7f29e1c65000 r--s 00000000 ca:01 50899                      /home/ec2-user/.ivy2/cache/aopalliance/aopalliance/jars/aopalliance-1.0.jar
7f29e1c65000-7f29e1c6d000 r--s 00050000 ca:01 50893                      /home/ec2-user/.ivy2/cache/org.sonatype.sisu/sisu-guice/jars/sisu-guice-3.1.0-no_aop.jar
7f29e1c6d000-7f29e1c6e000 r--s 00001000 ca:01 50897                      /home/ec2-user/.ivy2/cache/javax.annotation/jsr250-api/jars/jsr250-api-1.0.jar
7f29e1c6e000-7f29e1c71000 r--s 00008000 ca:01 50891                      /home/ec2-user/.ivy2/cache/javax.enterprise/cdi-api/jars/cdi-api-1.0.jar
7f29e1c71000-7f29e1c77000 r--s 0002a000 ca:01 50877                      /home/ec2-user/.ivy2/cache/org.eclipse.sisu/org.eclipse.sisu.plexus/eclipse-plugins/org.eclipse.sisu.plexus-0.0.0.M5.jar
7f29e1c77000-7f29e1c79000 r--s 0000a000 ca:01 50853                      /home/ec2-user/.ivy2/cache/org.apache.maven/maven-plugin-api/jars/maven-plugin-api-3.2.2.jar
7f29e1c79000-7f29e1c7c000 r--s 0000b000 ca:01 50865                      /home/ec2-user/.ivy2/cache/org.apache.maven/maven-artifact/jars/maven-artifact-3.2.2.jar
7f29e1c7c000-7f29e1c7e000 r--s 00005000 ca:01 50863                      /home/ec2-user/.ivy2/cache/org.apache.maven/maven-repository-metadata/jars/maven-repository-metadata-3.2.2.jar
7f29e1c7e000-7f29e1c80000 r--s 00002000 ca:01 50889                      /home/ec2-user/.ivy2/cache/org.sonatype.plexus/plexus-cipher/jars/plexus-cipher-1.4.jar
7f29e1c80000-7f29e1c81000 r--s 00006000 ca:01 50887                      /home/ec2-user/.ivy2/cache/org.sonatype.plexus/plexus-sec-dispatcher/jars/plexus-sec-dispatcher-1.3.jar
7f29e1c81000-7f29e1c83000 r--s 00000000 ca:01 50885                      /home/ec2-user/.ivy2/cache/org.codehaus.plexus/plexus-component-annotations/jars/plexus-component-annotations-1.5.5.jar
7f29e1c83000-7f29e1c86000 r--s 0000d000 ca:01 50879                      /home/ec2-user/.ivy2/cache/org.codehaus.plexus/plexus-interpolation/jars/plexus-interpolation-1.19.jar
7f29e1c86000-7f29e1c88000 r--s 00009000 ca:01 50861                      /home/ec2-user/.ivy2/cache/org.apache.maven/maven-settings-builder/jars/maven-settings-builder-3.2.2.jar
7f29e1c88000-7f29e1c8a000 r--s 00009000 ca:01 50859                      /home/ec2-user/.ivy2/cache/org.apache.maven/maven-settings/jars/maven-settings-3.2.2.jar
7f29e1c8a000-7f29e1c8e000 r--s 0003a000 ca:01 50881                      /home/ec2-user/.ivy2/cache/org.codehaus.plexus/plexus-utils/jars/plexus-utils-3.0.17.jar
7f29e1c8e000-7f29e1ca4000 r--s 0010a000 ca:01 50758                      /home/ec2-user/.ivy2/cache/org.vafer/jdeb/jars/jdeb-1.3.jar
7f29e1ca4000-7f29e1ce4000 r--s 00285000 ca:01 50847                      /home/ec2-user/.ivy2/cache/org.bouncycastle/bcprov-jdk15on/jars/bcprov-jdk15on-1.52.jar
7f29e1ce4000-7f29e1ee4000 rw-p 00000000 00:00 0 
7f29e1ee4000-7f29e1ee7000 ---p 00000000 00:00 0 
7f29e1ee7000-7f29e21e5000 rw-p 00000000 00:00 0 
7f29e21e5000-7f29e21fd000 r-xp 00000000 ca:01 51777                      /tmp/jna--924648796/jna89747038130434717.tmp (deleted)
7f29e21fd000-7f29e23fd000 ---p 00018000 ca:01 51777                      /tmp/jna--924648796/jna89747038130434717.tmp (deleted)
7f29e23fd000-7f29e23fe000 rw-p 00018000 ca:01 51777                      /tmp/jna--924648796/jna89747038130434717.tmp (deleted)
7f29e23fe000-7f29e25fe000 rw-p 00000000 00:00 0 
7f29e25fe000-7f29e27fe000 rw-p 00000000 00:00 0 
7f29e27fe000-7f29e2801000 ---p 00000000 00:00 0 
7f29e2801000-7f29e28ff000 rw-p 00000000 00:00 0 
7f29e28ff000-7f29e2902000 ---p 00000000 00:00 0 
7f29e2902000-7f29e2c00000 rw-p 00000000 00:00 0 
7f29e2c00000-7f29e2e00000 rw-p 00000000 00:00 0 
7f29e2e00000-7f29e3000000 rw-p 00000000 00:00 0 
7f29e3000000-7f29e3200000 rw-p 00000000 00:00 0 
7f29e3200000-7f29e3400000 rw-p 00000000 00:00 0 
7f29e3400000-7f29e3600000 rw-p 00000000 00:00 0 
7f29e3600000-7f29e3800000 rw-p 00000000 00:00 0 
7f29e3800000-7f29e3a00000 rw-p 00000000 00:00 0 
7f29e3a00000-7f29e3c00000 rw-p 00000000 00:00 0 
7f29e3c00000-7f29e3e00000 rw-p 00000000 00:00 0 
7f29e3e00000-7f29e4000000 rw-p 00000000 00:00 0 
7f29e4000000-7f29e5e0d000 rw-p 00000000 00:00 0 
7f29e5e0d000-7f29e8000000 ---p 00000000 00:00 0 
7f29e8000000-7f29e80a1000 rw-p 00000000 00:00 0 
7f29e80a1000-7f29ec000000 ---p 00000000 00:00 0 
7f29ec000000-7f29ec349000 rw-p 00000000 00:00 0 
7f29ec349000-7f29f0000000 ---p 00000000 00:00 0 
7f29f0000000-7f29f20e8000 rw-p 00000000 00:00 0 
7f29f20e8000-7f29f4000000 ---p 00000000 00:00 0 
7f29f4000000-7f29f4070000 rw-p 00000000 00:00 0 
7f29f4070000-7f29f8000000 ---p 00000000 00:00 0 
7f29f8000000-7f29f8003000 r--s 00025000 ca:01 50857                      /home/ec2-user/.ivy2/cache/org.apache.maven/maven-model/jars/maven-model-3.2.2.jar
7f29f8003000-7f29f800f000 r--s 00081000 ca:01 50851                      /home/ec2-user/.ivy2/cache/org.apache.maven/maven-core/jars/maven-core-3.2.2.jar
7f29f800f000-7f29f8010000 r--s 00000000 ca:01 50816                      /home/ec2-user/.ivy2/cache/javax.inject/javax.inject/jars/javax.inject-1.jar
7f29f8010000-7f29f801b000 r--s 00069000 ca:01 50849                      /home/ec2-user/.ivy2/cache/ch.qos.logback/logback-core/jars/logback-core-1.2.1.jar
7f29f801b000-7f29f8021000 r--s 00046000 ca:01 50784                      /home/ec2-user/.ivy2/cache/ch.qos.logback/logback-classic/jars/logback-classic-1.2.1.jar
7f29f8021000-7f29f8032000 r--s 00088000 ca:01 50782                      /home/ec2-user/.ivy2/cache/org.bouncycastle/bcpkix-jdk15on/jars/bcpkix-jdk15on-1.52.jar
7f29f8032000-7f29f8037000 r--s 00041000 ca:01 50780                      /home/ec2-user/.ivy2/cache/commons-lang/commons-lang/jars/commons-lang-2.6.jar
7f29f8037000-7f29f803c000 r--s 0002c000 ca:01 50830                      /home/ec2-user/.ivy2/cache/com.github.jnr/jnr-posix/jars/jnr-posix-3.0.12.jar
7f29f803c000-7f29f803e000 r--s 00007000 ca:01 50828                      /home/ec2-user/.ivy2/cache/com.github.jnr/jnr-enxio/jars/jnr-enxio-0.9.jar
7f29f803e000-7f29f8043000 r--s 00049000 ca:01 50826                      /home/ec2-user/.ivy2/cache/com.github.jnr/jnr-constants/jars/jnr-constants-0.8.7.jar
7f29f8043000-7f29f8046000 r--s 00033000 ca:01 50845                      /home/ec2-user/.ivy2/cache/com.github.jnr/jnr-x86asm/jars/jnr-x86asm-1.0.2.jar
7f29f8046000-7f29f8047000 r--s 0000a000 ca:01 50843                      /home/ec2-user/.ivy2/cache/org.ow2.asm/asm-util/jars/asm-util-5.0.3.jar
7f29f8047000-7f29f8048000 r--s 00004000 ca:01 50839                      /home/ec2-user/.ivy2/cache/org.ow2.asm/asm-analysis/jars/asm-analysis-5.0.3.jar
7f29f8048000-7f29f804a000 r--s 00006000 ca:01 50841                      /home/ec2-user/.ivy2/cache/org.ow2.asm/asm-tree/jars/asm-tree-5.0.3.jar
7f29f804a000-7f29f804c000 r--s 00009000 ca:01 50837                      /home/ec2-user/.ivy2/cache/org.ow2.asm/asm-commons/jars/asm-commons-5.0.3.jar
7f29f804c000-7f29f804d000 r--s 0000c000 ca:01 50835                      /home/ec2-user/.ivy2/cache/org.ow2.asm/asm/jars/asm-5.0.3.jar
7f29f804d000-7f29f804f000 r--s 0006e000 ca:01 50833                      /home/ec2-user/.ivy2/cache/com.github.jnr/jffi/jars/jffi-1.2.9-native.jar
7f29f804f000-7f29f8053000 r--s 00021000 ca:01 50832                      /home/ec2-user/.ivy2/cache/com.github.jnr/jffi/jars/jffi-1.2.9.jar
7f29f8053000-7f29f8063000 r--s 00090000 ca:01 50824                      /home/ec2-user/.ivy2/cache/com.github.jnr/jnr-ffi/jars/jnr-ffi-2.0.3.jar
7f29f8063000-7f29f8064000 r--s 00004000 ca:01 50778                      /home/ec2-user/.ivy2/cache/com.github.jnr/jnr-unixsocket/jars/jnr-unixsocket-0.8.jar
7f29f8064000-7f29f8068000 r--s 0002f000 ca:01 50725                      /home/ec2-user/.ivy2/cache/commons-io/commons-io/jars/commons-io-2.5.jar
7f29f8068000-7f29f806b000 r--s 0000f000 ca:01 50822                      /home/ec2-user/.ivy2/cache/org.glassfish.jersey.ext/jersey-entity-filtering/jars/jersey-entity-filtering-2.22.2.jar
7f29f806b000-7f29f806d000 r--s 00004000 ca:01 50772                      /home/ec2-user/.ivy2/cache/org.glassfish.jersey.media/jersey-media-json-jackson/jars/jersey-media-json-jackson-2.22.2.jar
7f29f806d000-7f29f8074000 r--s 0003a000 ca:01 50820                      /home/ec2-user/.ivy2/cache/commons-codec/commons-codec/jars/commons-codec-1.9.jar
7f29f8074000-7f29f8076000 r--s 0000e000 ca:01 50818                      /home/ec2-user/.ivy2/cache/commons-logging/commons-logging/jars/commons-logging-1.2.jar
7f29f8076000-7f29f807d000 r--s 00049000 ca:01 50776                      /home/ec2-user/.ivy2/cache/org.apache.httpcomponents/httpcore/jars/httpcore-4.4.5.jar
7f29f807d000-7f29f808a000 r--s 000a5000 ca:01 50774                      /home/ec2-user/.ivy2/cache/org.apache.httpcomponents/httpclient/jars/httpclient-4.5.jar
7f29f808a000-7f29f808c000 r--s 00005000 ca:01 50770                      /home/ec2-user/.ivy2/cache/org.glassfish.jersey.connectors/jersey-apache-connector/jars/jersey-apache-connector-2.22.2.jar
7f29f808c000-7f29f808d000 r--s 00004000 ca:01 50808                      /home/ec2-user/.ivy2/cache/org.glassfish.hk2/osgi-resource-locator/jars/osgi-resource-locator-1.0.1.jar
7f29f808d000-7f29f8097000 r--s 000a5000 ca:01 50814                      /home/ec2-user/.ivy2/cache/org.javassist/javassist/bundles/javassist-3.18.1-GA.jar
7f29f8097000-7f29f809b000 r--s 00029000 ca:01 50802                      /home/ec2-user/.ivy2/cache/org.glassfish.hk2/hk2-locator/jars/hk2-locator-2.4.0-b34.jar
7f29f809b000-7f29f809d000 r--s 00002000 ca:01 50812                      /home/ec2-user/.ivy2/cache/org.glassfish.hk2.external/aopalliance-repackaged/jars/aopalliance-repackaged-2.4.0-b34.jar
7f29f809d000-7f29f80a1000 r--s 0001a000 ca:01 50810                      /home/ec2-user/.ivy2/cache/org.glassfish.hk2/hk2-utils/jars/hk2-utils-2.4.0-b34.jar
7f29f80a1000-7f29f80a6000 r--s 00027000 ca:01 50798                      /home/ec2-user/.ivy2/cache/org.glassfish.hk2/hk2-api/jars/hk2-api-2.4.0-b34.jar
7f29f80a6000-7f29f80be000 r--s 000d6000 ca:01 50806                      /home/ec2-user/.ivy2/cache/org.glassfish.jersey.bundles.repackaged/jersey-guava/bundles/jersey-guava-2.22.2.jar
7f29f80be000-7f29f80c0000 r--s 00005000 ca:01 50804                      /home/ec2-user/.ivy2/cache/javax.annotation/javax.annotation-api/jars/javax.annotation-api-1.2.jar
7f29f80c0000-7f29f80ce000 r--s 0009d000 ca:01 50796                      /home/ec2-user/.ivy2/cache/org.glassfish.jersey.core/jersey-common/jars/jersey-common-2.22.2.jar
7f29f80ce000-7f29f80d2000 r--s 00019000 ca:01 50794                      /home/ec2-user/.ivy2/cache/javax.ws.rs/javax.ws.rs-api/jars/javax.ws.rs-api-2.0.1.jar
7f29f80d2000-7f29f80d6000 r--s 00025000 ca:01 50768                      /home/ec2-user/.ivy2/cache/org.glassfish.jersey.core/jersey-client/jars/jersey-client-2.22.2.jar
7f29f80d6000-7f29f80d9000 r--s 00011000 ca:01 50764                      /home/ec2-user/.ivy2/cache/com.fasterxml.jackson.datatype/jackson-datatype-guava/bundles/jackson-datatype-guava-2.8.8.jar
7f29f80d9000-7f29f80db000 r--s 00007000 ca:01 50790                      /home/ec2-user/.ivy2/cache/com.fasterxml.jackson.module/jackson-module-jaxb-annotations/bundles/jackson-module-jaxb-annotations-2.8.8.jar
7f29f80db000-7f29f80de000 r--s 0000b000 ca:01 50792                      /home/ec2-user/.ivy2/cache/com.fasterxml.jackson.core/jackson-annotations/bundles/jackson-annotations-2.8.0.jar
7f29f80de000-7f29f80e1000 ---p 00000000 00:00 0 
7f29f80e1000-7f29f83df000 rw-p 00000000 00:00 0 
7f29f83df000-7f29f85df000 rw-p 00000000 00:00 0 
7f29f85df000-7f29f87df000 rw-p 00000000 00:00 0 
7f29f87df000-7f29f89df000 rw-p 00000000 00:00 0 
7f29f89df000-7f29f89e0000 r--s 00001000 ca:01 50800                      /home/ec2-user/.ivy2/cache/org.glassfish.hk2.external/javax.inject/jars/javax.inject-2.4.0-b34.jar
7f29f89e0000-7f29f89f2000 r--s 0011d000 ca:01 50766                      /home/ec2-user/.ivy2/cache/com.fasterxml.jackson.core/jackson-databind/bundles/jackson-databind-2.8.8.jar
7f29f89f2000-7f29f89f5000 r--s 00042000 ca:01 50788                      /home/ec2-user/.ivy2/cache/com.fasterxml.jackson.core/jackson-core/bundles/jackson-core-2.8.8.jar
7f29f89f5000-7f29f89f6000 r--s 00007000 ca:01 50786                      /home/ec2-user/.ivy2/cache/com.fasterxml.jackson.jaxrs/jackson-jaxrs-base/bundles/jackson-jaxrs-base-2.8.8.jar
7f29f89f6000-7f29f89f7000 r--s 00003000 ca:01 50762                      /home/ec2-user/.ivy2/cache/com.fasterxml.jackson.jaxrs/jackson-jaxrs-json-provider/bundles/jackson-jaxrs-json-provider-2.8.8.jar
7f29f89f7000-7f29f8a08000 r--s 0009a000 ca:01 50756                      /home/ec2-user/.ivy2/cache/com.spotify/docker-client/jars/docker-client-8.9.0.jar
7f29f8a08000-7f29f8a0a000 r--s 0002a000 ca:01 50754                      /home/ec2-user/.ivy2/cache/org.scala-sbt/io_2.12/jars/io_2.12-1.0.0.jar
7f29f8a0a000-7f29f8a0b000 r--s 00004000 ca:01 50760                      /home/ec2-user/.ivy2/cache/org.apache.ant/ant-launcher/jars/ant-launcher-1.10.1.jar
7f29f8a0b000-7f29f8a2a000 r--s 001ef000 ca:01 50753                      /home/ec2-user/.ivy2/cache/org.apache.ant/ant/jars/ant-1.10.1.jar
7f29f8a2a000-7f29f8a34000 r--s 00078000 ca:01 50751                      /home/ec2-user/.ivy2/cache/org.apache.commons/commons-compress/jars/commons-compress-1.14.jar
7f29f8a34000-7f29f8a3c000 r--s 000a8000 ca:01 52229                      /home/ec2-user/.ivy2/cache/scala_2.12/sbt_1.0/com.typesafe.sbt/sbt-native-packager/jars/sbt-native-packager-1.3.5.jar
7f29f8a3c000-7f29f8a3e000 r--s 00012000 ca:01 52236                      /home/ec2-user/.ivy2/cache/com.typesafe.play/twirl-parser_2.12/jars/twirl-parser_2.12-1.4.0-M2.jar
7f29f8a3e000-7f29f8a40000 r--s 0000f000 ca:01 52235                      /home/ec2-user/.ivy2/cache/com.typesafe.play/twirl-compiler_2.12/jars/twirl-compiler_2.12-1.4.0-M2.jar
7f29f8a40000-7f29f8a41000 r--s 0000c000 ca:01 52228                      /home/ec2-user/.ivy2/cache/scala_2.12/sbt_1.0/com.typesafe.sbt/sbt-twirl/jars/sbt-twirl-1.4.0-M2.jar
7f29f8a41000-7f29f8a42000 r--s 00003000 ca:01 50709                      /home/ec2-user/.ivy2/cache/org.slf4j/slf4j-simple/jars/slf4j-simple-1.7.25.jar
7f29f8a42000-7f29f8a47000 r--s 00041000 ca:01 52227                      /home/ec2-user/.ivy2/cache/com.typesafe/config/bundles/config-1.3.3.jar
7f29f8a47000-7f29f8a4a000 r--s 00021000 ca:01 50734                      /home/ec2-user/.ivy2/cache/com.github.pathikrit/better-files_2.12/jars/better-files_2.12-2.17.1.jar
7f29f8a4a000-7f29f8a4c000 r--s 00009000 ca:01 49569                      /home/ec2-user/.ivy2/cache/org.slf4j/slf4j-api/jars/slf4j-api-1.7.25.jar
7f29f8a4c000-7f29f8a4d000 r--s 00000000 ca:01 50745                      /home/ec2-user/.ivy2/cache/org.codehaus.mojo/animal-sniffer-annotations/jars/animal-sniffer-annotations-1.14.jar
7f29f8a4d000-7f29f8a4f000 r--s 00001000 ca:01 50743                      /home/ec2-user/.ivy2/cache/com.google.j2objc/j2objc-annotations/jars/j2objc-annotations-1.1.jar
7f29f8a4f000-7f29f8a50000 r--s 00002000 ca:01 50741                      /home/ec2-user/.ivy2/cache/com.google.errorprone/error_prone_annotations/jars/error_prone_annotations-2.0.18.jar
7f29f8a50000-7f29f8a53000 r--s 00006000 ca:01 50739                      /home/ec2-user/.ivy2/cache/com.google.code.findbugs/jsr305/jars/jsr305-1.3.9.jar
7f29f8a53000-7f29f8a83000 r--s 0024f000 ca:01 50737                      /home/ec2-user/.ivy2/cache/com.google.guava/guava/bundles/guava-23.0.jar
7f29f8a83000-7f29f8a87000 r--s 00112000 ca:01 50735                      /home/ec2-user/.ivy2/cache/net.java.dev.jna/jna/jars/jna-4.2.1.jar
7f29f8a87000-7f29f8a88000 r--s 00006000 ca:01 50732                      /home/ec2-user/.ivy2/cache/io.methvin/directory-watcher/jars/directory-watcher-0.3.2.jar
7f29f8a88000-7f29f8a8a000 r--s 0000b000 ca:01 50711                      /home/ec2-user/.ivy2/cache/com.lightbend.play/play-file-watch_2.12/jars/play-file-watch_2.12-1.1.7.jar
7f29f8a8a000-7f29f8a8c000 r--s 00000000 ca:01 52890                      /home/ec2-user/.ivy2/cache/com.typesafe.play/play-exceptions/jars/play-exceptions-2.7.0-M3.jar
7f29f8a8c000-7f29f8a8d000 r--s 00000000 ca:01 52891                      /home/ec2-user/.ivy2/cache/com.typesafe.play/build-link/jars/build-link-2.7.0-M3.jar
7f29f8a8d000-7f29f8a8f000 r--s 00010000 ca:01 52893                      /home/ec2-user/.ivy2/cache/com.typesafe.play/run-support_2.12/jars/run-support_2.12-2.7.0-M3.jar
7f29f8a8f000-7f29f8a92000 r--s 00034000 ca:01 52231                      /home/ec2-user/.ivy2/cache/org.scala-lang.modules/scala-parser-combinators_2.12/bundles/scala-parser-combinators_2.12-1.1.0.jar
7f29f8a92000-7f29f8a97000 r--s 00081000 ca:01 52232                      /home/ec2-user/.ivy2/cache/org.scala-lang.modules/scala-xml_2.12/bundles/scala-xml_2.12-1.1.0.jar
7f29f8a97000-7f29f8a99000 r--s 00011000 ca:01 52230                      /home/ec2-user/.ivy2/cache/com.typesafe.play/twirl-api_2.12/jars/twirl-api_2.12-1.4.0-M2.jar
7f29f8a99000-7f29f8a9b000 r--s 0002c000 ca:01 52892                      /home/ec2-user/.ivy2/cache/com.typesafe.play/sbt-routes-compiler_2.12/jars/sbt-routes-compiler_2.12-2.7.0-M3.jar
7f29f8a9b000-7f29f8a9f000 r--s 00032000 ca:01 52894                      /home/ec2-user/.ivy2/cache/scala_2.12/sbt_1.0/com.typesafe.play/sbt-plugin/jars/sbt-plugin-2.7.0-M3.jar
7f29f8a9f000-7f29f8aa2000 ---p 00000000 00:00 0 
7f29f8aa2000-7f29f8ba0000 rw-p 00000000 00:00 0 
7f29f8ba0000-7f29f8ba1000 r--s 0000b000 ca:01 441064                     /usr/lib/jvm/java-1.8.0-openjdk-1.8.0.171-8.b10.38.amzn1.x86_64/jre/lib/ext/jaccess.jar
7f29f8ba1000-7f29f8ba3000 r--s 00012000 ca:01 441071                     /usr/lib/jvm/java-1.8.0-openjdk-1.8.0.171-8.b10.38.amzn1.x86_64/jre/lib/ext/zipfs.jar
7f29f8ba3000-7f29f8ba6000 r--s 0003f000 ca:01 441070                     /usr/lib/jvm/java-1.8.0-openjdk-1.8.0.171-8.b10.38.amzn1.x86_64/jre/lib/ext/sunpkcs11.jar
7f29f8ba6000-7f29f8bab000 r--s 00044000 ca:01 441069                     /usr/lib/jvm/java-1.8.0-openjdk-1.8.0.171-8.b10.38.amzn1.x86_64/jre/lib/ext/sunjce_provider.jar
7f29f8bab000-7f29f8bb6000 r--s 0011c000 ca:01 441065                     /usr/lib/jvm/java-1.8.0-openjdk-1.8.0.171-8.b10.38.amzn1.x86_64/jre/lib/ext/localedata.jar
7f29f8bb6000-7f29f8db6000 rw-p 00000000 00:00 0 
7f29f8db6000-7f29f8fb6000 rw-p 00000000 00:00 0 
7f29f8fb6000-7f29f91b6000 rw-p 00000000 00:00 0 
7f29f91b6000-7f29f91cc000 r-xp 00000000 ca:01 2717                       /lib64/libresolv-2.17.so
7f29f91cc000-7f29f93cb000 ---p 00016000 ca:01 2717                       /lib64/libresolv-2.17.so
7f29f93cb000-7f29f93cc000 r--p 00015000 ca:01 2717                       /lib64/libresolv-2.17.so
7f29f93cc000-7f29f93cd000 rw-p 00016000 ca:01 2717                       /lib64/libresolv-2.17.so
7f29f93cd000-7f29f93cf000 rw-p 00000000 00:00 0 
7f29f93cf000-7f29f93d4000 r-xp 00000000 ca:01 2705                       /lib64/libnss_dns-2.17.so
7f29f93d4000-7f29f95d4000 ---p 00005000 ca:01 2705                       /lib64/libnss_dns-2.17.so
7f29f95d4000-7f29f95d5000 r--p 00005000 ca:01 2705                       /lib64/libnss_dns-2.17.so
7f29f95d5000-7f29f95d6000 rw-p 00006000 ca:01 2705                       /lib64/libnss_dns-2.17.so
7f29f95d6000-7f29f95d9000 ---p 00000000 00:00 0 
7f29f95d9000-7f29f98d7000 rw-p 00000000 00:00 0 
7f29f98d7000-7f29f9ad7000 rw-p 00000000 00:00 0 
7f29f9ad7000-7f2a00000000 r--p 00000000 ca:01 29644                      /usr/lib/locale/locale-archive
7f2a00000000-7f2a00412000 rw-p 00000000 00:00 0 
7f2a00412000-7f2a04000000 ---p 00000000 00:00 0 
7f2a04000000-7f2a050f2000 rw-p 00000000 00:00 0 
7f2a050f2000-7f2a08000000 ---p 00000000 00:00 0 
7f2a08000000-7f2a0ae50000 rwxp 00000000 00:00 0 
7f2a0ae50000-7f2a10000000 ---p 00000000 00:00 0 
7f2a10000000-7f2a12c6a000 rw-p 00000000 00:00 0 
7f2a12c6a000-7f2a14000000 ---p 00000000 00:00 0 
7f2a14000000-7f2a14001000 r--s 00007000 ca:01 441068                     /usr/lib/jvm/java-1.8.0-openjdk-1.8.0.171-8.b10.38.amzn1.x86_64/jre/lib/ext/sunec.jar
7f2a14001000-7f2a14002000 r--s 00002000 ca:01 441063                     /usr/lib/jvm/java-1.8.0-openjdk-1.8.0.171-8.b10.38.amzn1.x86_64/jre/lib/ext/dnsns.jar
7f2a14002000-7f2a1401e000 r--s 003b6000 ca:01 441062                     /usr/lib/jvm/java-1.8.0-openjdk-1.8.0.171-8.b10.38.amzn1.x86_64/jre/lib/ext/cldrdata.jar
7f2a1401e000-7f2a14024000 r--s 00309000 ca:01 441051                     /usr/lib/jvm/java-1.8.0-openjdk-1.8.0.171-8.b10.38.amzn1.x86_64/jre/lib/charsets.jar
7f2a14024000-7f2a14026000 r--s 00019000 ca:01 441084                     /usr/lib/jvm/java-1.8.0-openjdk-1.8.0.171-8.b10.38.amzn1.x86_64/jre/lib/jce.jar
7f2a14026000-7f2a14039000 r--s 00346000 ca:01 441099                     /usr/lib/jvm/java-1.8.0-openjdk-1.8.0.171-8.b10.38.amzn1.x86_64/jre/lib/resources.jar
7f2a14039000-7f2a140b2000 r--s 012bf000 ca:01 441185                     /usr/lib/jvm/java-1.8.0-openjdk-1.8.0.171-8.b10.38.amzn1.x86_64/lib/tools.jar
7f2a140b2000-7f2a140b5000 ---p 00000000 00:00 0 
7f2a140b5000-7f2a140eb000 rw-p 00000000 00:00 0 
7f2a140eb000-7f2a140f0000 r--s 000b6000 ca:01 441086                     /usr/lib/jvm/java-1.8.0-openjdk-1.8.0.171-8.b10.38.amzn1.x86_64/jre/lib/jsse.jar
7f2a140f0000-7f2a1410b000 r--s 001d6000 ca:01 441067                     /usr/lib/jvm/java-1.8.0-openjdk-1.8.0.171-8.b10.38.amzn1.x86_64/jre/lib/ext/nashorn.jar
7f2a1410b000-7f2a14114000 r-xp 00000000 ca:01 441034                     /usr/lib/jvm/java-1.8.0-openjdk-1.8.0.171-8.b10.38.amzn1.x86_64/jre/lib/amd64/libmanagement.so
7f2a14114000-7f2a14313000 ---p 00009000 ca:01 441034                     /usr/lib/jvm/java-1.8.0-openjdk-1.8.0.171-8.b10.38.amzn1.x86_64/jre/lib/amd64/libmanagement.so
7f2a14313000-7f2a14314000 rw-p 00008000 ca:01 441034                     /usr/lib/jvm/java-1.8.0-openjdk-1.8.0.171-8.b10.38.amzn1.x86_64/jre/lib/amd64/libmanagement.so
7f2a14314000-7f2a14514000 rw-p 00000000 00:00 0 
7f2a14514000-7f2a14516000 r--s 00031000 ca:01 52835                      /home/ec2-user/.sbt/boot/scala-2.12.6/org.scala-sbt/sbt/1.2.0/actions_2.12-1.2.0.jar
7f2a14516000-7f2a14517000 r--s 00005000 ca:01 52787                      /home/ec2-user/.sbt/boot/scala-2.12.6/org.scala-sbt/sbt/1.2.0/apple-file-events-1.3.2.jar
7f2a14517000-7f2a1451b000 r--s 00063000 ca:01 52806                      /home/ec2-user/.sbt/boot/scala-2.12.6/org.scala-sbt/sbt/1.2.0/protocol_2.12-1.2.0.jar
7f2a1451b000-7f2a1451c000 r--s 00003000 ca:01 52832                      /home/ec2-user/.sbt/boot/scala-2.12.6/org.scala-sbt/sbt/1.2.0/zinc-compile_2.12-1.2.0.jar
7f2a1451c000-7f2a1451e000 r--s 00007000 ca:01 52814                      /home/ec2-user/.sbt/boot/scala-2.12.6/org.scala-sbt/sbt/1.2.0/lenses_2.12-0.4.12.jar
7f2a1451e000-7f2a14521000 r--s 0003d000 ca:01 52786                      /home/ec2-user/.sbt/boot/scala-2.12.6/org.scala-sbt/sbt/1.2.0/completion_2.12-1.2.0.jar
7f2a14521000-7f2a14522000 r--s 00009000 ca:01 52763                      /home/ec2-user/.sbt/boot/scala-2.12.6/org.scala-sbt/sbt/1.2.0/gigahorse-okhttp_2.12-0.3.0.jar
7f2a14522000-7f2a14531000 r--s 0013d000 ca:01 52761                      /home/ec2-user/.sbt/boot/scala-2.12.6/org.scala-sbt/sbt/1.2.0/protobuf-java-3.3.1.jar
7f2a14531000-7f2a1454d000 r--s 0013b000 ca:01 52760                      /home/ec2-user/.sbt/boot/scala-2.12.6/org.scala-sbt/sbt/1.2.0/log4j-core-2.8.1.jar
7f2a1454d000-7f2a1454e000 r--s 00001000 ca:01 52773                      /home/ec2-user/.sbt/boot/scala-2.12.6/org.scala-sbt/sbt/1.2.0/scalacache-caffeine_2.12-0.20.0.jar
7f2a1454e000-7f2a14552000 r--s 00047000 ca:01 52828                      /home/ec2-user/.sbt/boot/scala-2.12.6/org.scala-sbt/sbt/1.2.0/fastparse_2.12-0.4.2.jar
7f2a14552000-7f2a14554000 r--s 00011000 ca:01 52781                      /home/ec2-user/.sbt/boot/scala-2.12.6/org.scala-sbt/sbt/1.2.0/jawn-parser_2.12-0.10.4.jar
7f2a14554000-7f2a14556000 r--s 00012000 ca:01 52795                      /home/ec2-user/.sbt/boot/scala-2.12.6/org.scala-sbt/sbt/1.2.0/core-macros_2.12-1.2.0.jar
7f2a14556000-7f2a14559000 r--s 00034000 ca:01 52837                      /home/ec2-user/.sbt/boot/scala-2.12.6/org.scala-sbt/sbt/1.2.0/zinc-compile-core_2.12-1.2.0.jar
7f2a14559000-7f2a1456f000 r--s 000e0000 ca:01 52779                      /home/ec2-user/.sbt/boot/scala-2.12.6/org.scala-sbt/sbt/1.2.0/caffeine-2.5.6.jar
7f2a1456f000-7f2a14577000 r--s 00092000 ca:01 52831                      /home/ec2-user/.sbt/boot/scala-2.12.6/org.scala-sbt/sbt/1.2.0/main-settings_2.12-1.2.0.jar
7f2a14577000-7f2a1458c000 r--s 00101000 ca:01 52777                      /home/ec2-user/.sbt/boot/scala-2.12.6/org.scala-sbt/sbt/1.2.0/ivy-2.3.0-sbt-b18f59ea3bc914a297bb6f1a4f7fb0ace399e310.jar
7f2a1458c000-7f2a1458f000 r--s 0002e000 ca:01 52824                      /home/ec2-user/.sbt/boot/scala-2.12.6/org.scala-sbt/sbt/1.2.0/testing_2.12-1.2.0.jar
7f2a1458f000-7f2a14590000 r--s 00005000 ca:01 52772                      /home/ec2-user/.sbt/boot/scala-2.12.6/org.scala-sbt/sbt/1.2.0/test-agent-1.2.0.jar
7f2a14590000-7f2a14592000 r--s 00019000 ca:01 52798                      /home/ec2-user/.sbt/boot/scala-2.12.6/org.scala-sbt/sbt/1.2.0/task-system_2.12-1.2.0.jar
7f2a14592000-7f2a14598000 r--s 0005b000 ca:01 52803                      /home/ec2-user/.sbt/boot/scala-2.12.6/org.scala-sbt/sbt/1.2.0/okhttp-3.7.0.jar
7f2a14598000-7f2a14798000 rw-p 00000000 00:00 0 
7f2a14798000-7f2a14998000 rw-p 00000000 00:00 0 
7f2a14998000-7f2a149a3000 r--s 001c2000 ca:01 52796                      /home/ec2-user/.sbt/boot/scala-2.12.6/org.scala-sbt/sbt/1.2.0/main_2.12-1.2.0.jar
7f2a149a3000-7f2a149a5000 r--s 00024000 ca:01 52829                      /home/ec2-user/.sbt/boot/scala-2.12.6/org.scala-sbt/sbt/1.2.0/zinc-apiinfo_2.12-1.2.0.jar
7f2a149a5000-7f2a149a8000 r--s 00039000 ca:01 52817                      /home/ec2-user/.sbt/boot/scala-2.12.6/org.scala-sbt/sbt/1.2.0/util-logging_2.12-1.2.0.jar
7f2a149a8000-7f2a149aa000 r--s 00008000 ca:01 52778                      /home/ec2-user/.sbt/boot/scala-2.12.6/org.scala-sbt/sbt/1.2.0/sjson-new-scalajson_2.12-0.8.2.jar
7f2a149aa000-7f2a149ac000 r--s 00019000 ca:01 52771                      /home/ec2-user/.sbt/boot/scala-2.12.6/org.scala-sbt/sbt/1.2.0/sourcecode_2.12-0.1.3.jar
7f2a149ac000-7f2a149ad000 r--s 00001000 ca:01 52792                      /home/ec2-user/.sbt/boot/scala-2.12.6/org.scala-sbt/sbt/1.2.0/sjson-new-murmurhash_2.12-0.8.2.jar
7f2a149ad000-7f2a149b1000 r--s 0004c000 ca:01 52825                      /home/ec2-user/.sbt/boot/scala-2.12.6/org.scala-sbt/sbt/1.2.0/collections_2.12-1.2.0.jar
7f2a149b1000-7f2a149b2000 r--s 00007000 ca:01 52811                      /home/ec2-user/.sbt/boot/scala-2.12.6/org.scala-sbt/sbt/1.2.0/okhttp-urlconnection-3.7.0.jar
7f2a149b2000-7f2a149b5000 r--s 00043000 ca:01 52822                      /home/ec2-user/.sbt/boot/scala-2.12.6/org.scala-sbt/sbt/1.2.0/command_2.12-1.2.0.jar
7f2a149b5000-7f2a149d8000 r--s 0034e000 ca:01 52797                      /home/ec2-user/.sbt/boot/scala-2.12.6/org.scala-sbt/sbt/1.2.0/scala-reflect-2.12.6.jar
7f2a149d8000-7f2a149db000 r--s 00012000 ca:01 52784                      /home/ec2-user/.sbt/boot/scala-2.12.6/org.scala-sbt/sbt/1.2.0/disruptor-3.3.6.jar
7f2a149db000-7f2a149de000 r--s 00026000 ca:01 52818                      /home/ec2-user/.sbt/boot/scala-2.12.6/org.scala-sbt/sbt/1.2.0/gigahorse-core_2.12-0.3.0.jar
7f2a149de000-7f2a149df000 r--s 00011000 ca:01 52762                      /home/ec2-user/.sbt/boot/scala-2.12.6/org.scala-sbt/sbt/1.2.0/run_2.12-1.2.0.jar
7f2a149df000-7f2a149e1000 r--s 00012000 ca:01 52800                      /home/ec2-user/.sbt/boot/scala-2.12.6/org.scala-sbt/sbt/1.2.0/tasks_2.12-1.2.0.jar
7f2a149e1000-7f2a149e3000 r--s 0000f000 ca:01 52780                      /home/ec2-user/.sbt/boot/scala-2.12.6/org.scala-sbt/sbt/1.2.0/util-scripted_2.12-1.2.0.jar
7f2a149e3000-7f2a149e5000 r--s 0000b000 ca:01 52815                      /home/ec2-user/.sbt/boot/scala-2.12.6/org.scala-sbt/sbt/1.2.0/logic_2.12-1.2.0.jar
7f2a149e5000-7f2a149e6000 r--s 00002000 ca:01 52768                      /home/ec2-user/.sbt/boot/scala-2.12.6/org.scala-sbt/sbt/1.2.0/launcher-interface-1.0.4.jar
7f2a149e6000-7f2a149e8000 r--s 00004000 ca:01 52812                      /home/ec2-user/.sbt/boot/scala-2.12.6/org.scala-sbt/sbt/1.2.0/ipcsocket-1.0.0.jar
7f2a149e8000-7f2a149ee000 r--s 00094000 ca:01 52823                      /home/ec2-user/.sbt/boot/scala-2.12.6/org.scala-sbt/sbt/1.2.0/librarymanagement-ivy_2.12-1.2.0.jar
7f2a149ee000-7f2a149f0000 r--s 0002f000 ca:01 52783                      /home/ec2-user/.sbt/boot/scala-2.12.6/org.scala-sbt/sbt/1.2.0/util-cache_2.12-1.2.0.jar
7f2a149f0000-7f2a149f2000 r--s 00002000 ca:01 52759                      /home/ec2-user/.sbt/boot/scala-2.12.6/org.scala-sbt/sbt/1.2.0/util-control_2.12-1.2.0.jar
7f2a149f2000-7f2a149f3000 r--s 0000c000 ca:01 52769                      /home/ec2-user/.sbt/boot/scala-2.12.6/org.scala-sbt/sbt/1.2.0/zinc-classfile_2.12-1.2.0.jar
7f2a149f3000-7f2a149f5000 r--s 0000e000 ca:01 52790                      /home/ec2-user/.sbt/boot/scala-2.12.6/org.scala-sbt/sbt/1.2.0/zinc_2.12-1.2.0.jar
7f2a149f5000-7f2a14a0f000 r--s 0021e000 ca:01 52770                      /home/ec2-user/.sbt/boot/scala-2.12.6/org.scala-sbt/sbt/1.2.0/jna-platform-4.5.0.jar
7f2a14a0f000-7f2a14a12000 r--s 0001c000 ca:01 52805                      /home/ec2-user/.sbt/boot/scala-2.12.6/org.scala-sbt/sbt/1.2.0/scalacache-core_2.12-0.20.0.jar
7f2a14a12000-7f2a14a14000 r--s 0000e000 ca:01 52791                      /home/ec2-user/.sbt/boot/scala-2.12.6/org.scala-sbt/sbt/1.2.0/sbt-1.2.0.jar
7f2a14a14000-7f2a14a16000 r--s 00009000 ca:01 52827                      /home/ec2-user/.sbt/boot/scala-2.12.6/org.scala-sbt/sbt/1.2.0/slf4j-api-1.7.25.jar
7f2a14a16000-7f2a14a1a000 r--s 0015c000 ca:01 52809                      /home/ec2-user/.sbt/boot/scala-2.12.6/org.scala-sbt/sbt/1.2.0/jna-4.5.0.jar
7f2a14a1a000-7f2a14a1b000 r--s 00000000 ca:01 52793                      /home/ec2-user/.sbt/boot/scala-2.12.6/org.scala-sbt/sbt/1.2.0/template-resolver-0.1.jar
7f2a14a1b000-7f2a14a1f000 r--s 00013000 ca:01 52799                      /home/ec2-user/.sbt/boot/scala-2.12.6/org.scala-sbt/sbt/1.2.0/compiler-interface-1.2.0.jar
7f2a14a1f000-7f2a14a23000 r--s 00030000 ca:01 52801                      /home/ec2-user/.sbt/boot/scala-2.12.6/org.scala-sbt/sbt/1.2.0/scala-parser-combinators_2.12-1.0.5.jar
7f2a14a23000-7f2a14a30000 r--s 001ae000 ca:01 52813                      /home/ec2-user/.sbt/boot/scala-2.12.6/org.scala-sbt/sbt/1.2.0/zinc-persist_2.12-1.2.0.jar
7f2a14a30000-7f2a14a3d000 r--s 001a6000 ca:01 52810                      /home/ec2-user/.sbt/boot/scala-2.12.6/org.scala-sbt/sbt/1.2.0/scalapb-runtime_2.12-0.6.0.jar
7f2a14a3d000-7f2a14a41000 r--s 00050000 ca:01 52789                      /home/ec2-user/.sbt/boot/scala-2.12.6/org.scala-sbt/sbt/1.2.0/zinc-core_2.12-1.2.0.jar
7f2a14a41000-7f2a14a43000 r--s 0000e000 ca:01 52834                      /home/ec2-user/.sbt/boot/scala-2.12.6/org.scala-sbt/sbt/1.2.0/fastparse-utils_2.12-0.4.2.jar
7f2a14a43000-7f2a14a49000 r--s 00080000 ca:01 52765                      /home/ec2-user/.sbt/boot/scala-2.12.6/org.scala-sbt/sbt/1.2.0/scala-xml_2.12-1.0.6.jar
7f2a14a49000-7f2a14a4b000 r--s 0000f000 ca:01 52826                      /home/ec2-user/.sbt/boot/scala-2.12.6/org.scala-sbt/sbt/1.2.0/shaded-scalajson_2.12-1.0.0-M4.jar
7f2a14a4b000-7f2a14a4c000 r--s 00010000 ca:01 52764                      /home/ec2-user/.sbt/boot/scala-2.12.6/org.scala-sbt/sbt/1.2.0/scripted-sbt-redux_2.12-1.2.0.jar
7f2a14a4c000-7f2a14a4e000 r--s 00011000 ca:01 52819                      /home/ec2-user/.sbt/boot/scala-2.12.6/org.scala-sbt/sbt/1.2.0/zinc-classpath_2.12-1.2.0.jar
7f2a14a4e000-7f2a14a4f000 r--s 00000000 ca:01 52788                      /home/ec2-user/.sbt/boot/scala-2.12.6/org.scala-sbt/sbt/1.2.0/util-interface-1.2.0.jar
7f2a14a4f000-7f2a14a52000 r--s 00022000 ca:01 52802                      /home/ec2-user/.sbt/boot/scala-2.12.6/org.scala-sbt/sbt/1.2.0/sbinary_2.12-0.4.4.jar
7f2a14a52000-7f2a14a53000 r--s 00000000 ca:01 52804                      /home/ec2-user/.sbt/boot/scala-2.12.6/org.scala-sbt/sbt/1.2.0/reactive-streams-1.0.0.jar
7f2a14a53000-7f2a14a54000 r--s 00006000 ca:01 52782                      /home/ec2-user/.sbt/boot/scala-2.12.6/org.scala-sbt/sbt/1.2.0/util-position_2.12-1.2.0.jar
7f2a14a54000-7f2a14a59000 r--s 00048000 ca:01 52808                      /home/ec2-user/.sbt/boot/scala-2.12.6/org.scala-sbt/sbt/1.2.0/io_2.12-1.2.0.jar
7f2a14a59000-7f2a14a5a000 r--s 00003000 ca:01 52785                      /home/ec2-user/.sbt/boot/scala-2.12.6/org.scala-sbt/sbt/1.2.0/util-relation_2.12-1.2.0.jar
7f2a14a5a000-7f2a14a5b000 r--s 00000000 ca:01 52836                      /home/ec2-user/.sbt/boot/scala-2.12.6/org.scala-sbt/sbt/1.2.0/scripted-plugin_2.12-1.2.0.jar
7f2a14a5b000-7f2a14a5d000 r--s 00012000 ca:01 52833                      /home/ec2-user/.sbt/boot/scala-2.12.6/org.scala-sbt/sbt/1.2.0/okio-1.12.0.jar
7f2a14a5d000-7f2a14a62000 r--s 00031000 ca:01 52821                      /home/ec2-user/.sbt/boot/scala-2.12.6/org.scala-sbt/sbt/1.2.0/config-1.2.0.jar
7f2a14a62000-7f2a14a66000 r--s 0003e000 ca:01 52807                      /home/ec2-user/.sbt/boot/scala-2.12.6/org.scala-sbt/sbt/1.2.0/jline-2.14.6.jar
7f2a14a66000-7f2a14a68000 r--s 00007000 ca:01 52820                      /home/ec2-user/.sbt/boot/scala-2.12.6/org.scala-sbt/sbt/1.2.0/util-tracking_2.12-1.2.0.jar
7f2a14a68000-7f2a14a6d000 r--s 00033000 ca:01 52767                      /home/ec2-user/.sbt/boot/scala-2.12.6/org.scala-sbt/sbt/1.2.0/log4j-api-2.8.1.jar
7f2a14a6d000-7f2a14a77000 r--s 000b6000 ca:01 52774                      /home/ec2-user/.sbt/boot/scala-2.12.6/org.scala-sbt/sbt/1.2.0/librarymanagement-core_2.12-1.2.0.jar
7f2a14a77000-7f2a14ac5000 r--s 009a1000 ca:01 49696                      /home/ec2-user/.sbt/boot/scala-2.12.6/lib/scala-compiler.jar
7f2a14ac5000-7f2a14ae8000 r--s 0034e000 ca:01 49694                      /home/ec2-user/.sbt/boot/scala-2.12.6/lib/scala-reflect.jar
7f2a14ae8000-7f2a14b1f000 r--s 004cf000 ca:01 49695                      /home/ec2-user/.sbt/boot/scala-2.12.6/lib/scala-library.jar
7f2a14b1f000-7f2a14b31000 r-xp 00000000 ca:01 441037                     /usr/lib/jvm/java-1.8.0-openjdk-1.8.0.171-8.b10.38.amzn1.x86_64/jre/lib/amd64/libnio.so
7f2a14b31000-7f2a14d30000 ---p 00012000 ca:01 441037                     /usr/lib/jvm/java-1.8.0-openjdk-1.8.0.171-8.b10.38.amzn1.x86_64/jre/lib/amd64/libnio.so
7f2a14d30000-7f2a14d31000 rw-p 00011000 ca:01 441037                     /usr/lib/jvm/java-1.8.0-openjdk-1.8.0.171-8.b10.38.amzn1.x86_64/jre/lib/amd64/libnio.so
7f2a14d31000-7f2a14d48000 r-xp 00000000 ca:01 441036                     /usr/lib/jvm/java-1.8.0-openjdk-1.8.0.171-8.b10.38.amzn1.x86_64/jre/lib/amd64/libnet.so
7f2a14d48000-7f2a14f47000 ---p 00017000 ca:01 441036                     /usr/lib/jvm/java-1.8.0-openjdk-1.8.0.171-8.b10.38.amzn1.x86_64/jre/lib/amd64/libnet.so
7f2a14f47000-7f2a14f48000 rw-p 00016000 ca:01 441036                     /usr/lib/jvm/java-1.8.0-openjdk-1.8.0.171-8.b10.38.amzn1.x86_64/jre/lib/amd64/libnet.so
7f2a14f48000-7f2a14f65000 r--s 0011a000 ca:01 47457                      /usr/share/sbt/bin/sbt-launch.jar
7f2a14f65000-7f2a14f66000 ---p 00000000 00:00 0 
7f2a14f66000-7f2a15066000 rw-p 00000000 00:00 0 
7f2a15066000-7f2a15069000 ---p 00000000 00:00 0 
7f2a15069000-7f2a15167000 rw-p 00000000 00:00 0 
7f2a15167000-7f2a1516b000 ---p 00000000 00:00 0 
7f2a1516b000-7f2a15268000 rw-p 00000000 00:00 0 
7f2a15268000-7f2a1526c000 ---p 00000000 00:00 0 
7f2a1526c000-7f2a15369000 rw-p 00000000 00:00 0 
7f2a15369000-7f2a1536c000 ---p 00000000 00:00 0 
7f2a1536c000-7f2a1546a000 rw-p 00000000 00:00 0 
7f2a1546a000-7f2a1546d000 ---p 00000000 00:00 0 
7f2a1546d000-7f2a1556b000 rw-p 00000000 00:00 0 
7f2a1556b000-7f2a1556e000 ---p 00000000 00:00 0 
7f2a1556e000-7f2a1566c000 rw-p 00000000 00:00 0 
7f2a1566c000-7f2a1566d000 ---p 00000000 00:00 0 
7f2a1566d000-7f2a157bb000 rw-p 00000000 00:00 0 
7f2a157bb000-7f2a1598a000 r--s 0440f000 ca:01 441100                     /usr/lib/jvm/java-1.8.0-openjdk-1.8.0.171-8.b10.38.amzn1.x86_64/jre/lib/rt.jar
7f2a1598a000-7f2a1618a000 rw-p 00000000 00:00 0 
7f2a1618a000-7f2a164e0000 rw-p 00000000 00:00 0 
7f2a164e0000-7f2a1659b000 rw-p 00000000 00:00 0 
7f2a1659b000-7f2a166e1000 ---p 00000000 00:00 0 
7f2a166e1000-7f2a166e9000 r-xp 00000000 ca:01 441044                     /usr/lib/jvm/java-1.8.0-openjdk-1.8.0.171-8.b10.38.amzn1.x86_64/jre/lib/amd64/libzip.so
7f2a166e9000-7f2a168e8000 ---p 00008000 ca:01 441044                     /usr/lib/jvm/java-1.8.0-openjdk-1.8.0.171-8.b10.38.amzn1.x86_64/jre/lib/amd64/libzip.so
7f2a168e8000-7f2a168e9000 rw-p 00007000 ca:01 441044                     /usr/lib/jvm/java-1.8.0-openjdk-1.8.0.171-8.b10.38.amzn1.x86_64/jre/lib/amd64/libzip.so
7f2a168e9000-7f2a168f5000 r-xp 00000000 ca:01 2707                       /lib64/libnss_files-2.17.so
7f2a168f5000-7f2a16af4000 ---p 0000c000 ca:01 2707                       /lib64/libnss_files-2.17.so
7f2a16af4000-7f2a16af5000 r--p 0000b000 ca:01 2707                       /lib64/libnss_files-2.17.so
7f2a16af5000-7f2a16af6000 rw-p 0000c000 ca:01 2707                       /lib64/libnss_files-2.17.so
7f2a16af6000-7f2a16afc000 rw-p 00000000 00:00 0 
7f2a16afc000-7f2a16b2a000 r-xp 00000000 ca:01 441026                     /usr/lib/jvm/java-1.8.0-openjdk-1.8.0.171-8.b10.38.amzn1.x86_64/jre/lib/amd64/libjava.so
7f2a16b2a000-7f2a16d29000 ---p 0002e000 ca:01 441026                     /usr/lib/jvm/java-1.8.0-openjdk-1.8.0.171-8.b10.38.amzn1.x86_64/jre/lib/amd64/libjava.so
7f2a16d29000-7f2a16d2b000 rw-p 0002d000 ca:01 441026                     /usr/lib/jvm/java-1.8.0-openjdk-1.8.0.171-8.b10.38.amzn1.x86_64/jre/lib/amd64/libjava.so
7f2a16d2b000-7f2a16d38000 r-xp 00000000 ca:01 441043                     /usr/lib/jvm/java-1.8.0-openjdk-1.8.0.171-8.b10.38.amzn1.x86_64/jre/lib/amd64/libverify.so
7f2a16d38000-7f2a16f37000 ---p 0000d000 ca:01 441043                     /usr/lib/jvm/java-1.8.0-openjdk-1.8.0.171-8.b10.38.amzn1.x86_64/jre/lib/amd64/libverify.so
7f2a16f37000-7f2a16f39000 rw-p 0000c000 ca:01 441043                     /usr/lib/jvm/java-1.8.0-openjdk-1.8.0.171-8.b10.38.amzn1.x86_64/jre/lib/amd64/libverify.so
7f2a16f39000-7f2a16f40000 r-xp 00000000 ca:01 2719                       /lib64/librt-2.17.so
7f2a16f40000-7f2a1713f000 ---p 00007000 ca:01 2719                       /lib64/librt-2.17.so
7f2a1713f000-7f2a17140000 r--p 00006000 ca:01 2719                       /lib64/librt-2.17.so
7f2a17140000-7f2a17141000 rw-p 00007000 ca:01 2719                       /lib64/librt-2.17.so
7f2a17141000-7f2a17157000 r-xp 00000000 ca:01 2616                       /lib64/libgcc_s-7-20170915.so.1
7f2a17157000-7f2a17356000 ---p 00016000 ca:01 2616                       /lib64/libgcc_s-7-20170915.so.1
7f2a17356000-7f2a17357000 rw-p 00015000 ca:01 2616                       /lib64/libgcc_s-7-20170915.so.1
7f2a17357000-7f2a17458000 r-xp 00000000 ca:01 2697                       /lib64/libm-2.17.so
7f2a17458000-7f2a17657000 ---p 00101000 ca:01 2697                       /lib64/libm-2.17.so
7f2a17657000-7f2a17658000 r--p 00100000 ca:01 2697                       /lib64/libm-2.17.so
7f2a17658000-7f2a17659000 rw-p 00101000 ca:01 2697                       /lib64/libm-2.17.so
7f2a17659000-7f2a177ce000 r-xp 00000000 ca:01 2935                       /usr/lib64/libstdc++.so.6.0.24
7f2a177ce000-7f2a179ce000 ---p 00175000 ca:01 2935                       /usr/lib64/libstdc++.so.6.0.24
7f2a179ce000-7f2a179d8000 r--p 00175000 ca:01 2935                       /usr/lib64/libstdc++.so.6.0.24
7f2a179d8000-7f2a179da000 rw-p 0017f000 ca:01 2935                       /usr/lib64/libstdc++.so.6.0.24
7f2a179da000-7f2a179de000 rw-p 00000000 00:00 0 
7f2a179de000-7f2a186a4000 r-xp 00000000 ca:01 441048                     /usr/lib/jvm/java-1.8.0-openjdk-1.8.0.171-8.b10.38.amzn1.x86_64/jre/lib/amd64/server/libjvm.so
7f2a186a4000-7f2a188a4000 ---p 00cc6000 ca:01 441048                     /usr/lib/jvm/java-1.8.0-openjdk-1.8.0.171-8.b10.38.amzn1.x86_64/jre/lib/amd64/server/libjvm.so
7f2a188a4000-7f2a18978000 rw-p 00cc6000 ca:01 441048                     /usr/lib/jvm/java-1.8.0-openjdk-1.8.0.171-8.b10.38.amzn1.x86_64/jre/lib/amd64/server/libjvm.so
7f2a18978000-7f2a189aa000 rw-p 00000000 00:00 0 
7f2a189aa000-7f2a18b6d000 r-xp 00000000 ca:01 2689                       /lib64/libc-2.17.so
7f2a18b6d000-7f2a18d6c000 ---p 001c3000 ca:01 2689                       /lib64/libc-2.17.so
7f2a18d6c000-7f2a18d70000 r--p 001c2000 ca:01 2689                       /lib64/libc-2.17.so
7f2a18d70000-7f2a18d72000 rw-p 001c6000 ca:01 2689                       /lib64/libc-2.17.so
7f2a18d72000-7f2a18d77000 rw-p 00000000 00:00 0 
7f2a18d77000-7f2a18d79000 r-xp 00000000 ca:01 2695                       /lib64/libdl-2.17.so
7f2a18d79000-7f2a18f79000 ---p 00002000 ca:01 2695                       /lib64/libdl-2.17.so
7f2a18f79000-7f2a18f7a000 r--p 00002000 ca:01 2695                       /lib64/libdl-2.17.so
7f2a18f7a000-7f2a18f7b000 rw-p 00003000 ca:01 2695                       /lib64/libdl-2.17.so
7f2a18f7b000-7f2a18f89000 r-xp 00000000 ca:01 441013                     /usr/lib/jvm/java-1.8.0-openjdk-1.8.0.171-8.b10.38.amzn1.x86_64/jre/lib/amd64/jli/libjli.so
7f2a18f89000-7f2a19188000 ---p 0000e000 ca:01 441013                     /usr/lib/jvm/java-1.8.0-openjdk-1.8.0.171-8.b10.38.amzn1.x86_64/jre/lib/amd64/jli/libjli.so
7f2a19188000-7f2a19189000 rw-p 0000d000 ca:01 441013                     /usr/lib/jvm/java-1.8.0-openjdk-1.8.0.171-8.b10.38.amzn1.x86_64/jre/lib/amd64/jli/libjli.so
7f2a19189000-7f2a1919e000 r-xp 00000000 ca:01 2836                       /lib64/libz.so.1.2.8
7f2a1919e000-7f2a1939d000 ---p 00015000 ca:01 2836                       /lib64/libz.so.1.2.8
7f2a1939d000-7f2a1939e000 r--p 00014000 ca:01 2836                       /lib64/libz.so.1.2.8
7f2a1939e000-7f2a1939f000 rw-p 00015000 ca:01 2836                       /lib64/libz.so.1.2.8
7f2a1939f000-7f2a193b6000 r-xp 00000000 ca:01 2715                       /lib64/libpthread-2.17.so
7f2a193b6000-7f2a195b5000 ---p 00017000 ca:01 2715                       /lib64/libpthread-2.17.so
7f2a195b5000-7f2a195b6000 r--p 00016000 ca:01 2715                       /lib64/libpthread-2.17.so
7f2a195b6000-7f2a195b7000 rw-p 00017000 ca:01 2715                       /lib64/libpthread-2.17.so
7f2a195b7000-7f2a195bb000 rw-p 00000000 00:00 0 
7f2a195bb000-7f2a195dd000 r-xp 00000000 ca:01 2682                       /lib64/ld-2.17.so
7f2a195dd000-7f2a195df000 r--s 00002000 ca:01 52816                      /home/ec2-user/.sbt/boot/scala-2.12.6/org.scala-sbt/sbt/1.2.0/test-interface-1.0.jar
7f2a195df000-7f2a195e4000 r--s 00040000 ca:01 52794                      /home/ec2-user/.sbt/boot/scala-2.12.6/org.scala-sbt/sbt/1.2.0/jsch-0.1.54.jar
7f2a195e4000-7f2a195e5000 r--s 00005000 ca:01 52776                      /home/ec2-user/.sbt/boot/scala-2.12.6/org.scala-sbt/sbt/1.2.0/log4j-slf4j-impl-2.8.1.jar
7f2a195e5000-7f2a195eb000 r--s 000bb000 ca:01 52830                      /home/ec2-user/.sbt/boot/scala-2.12.6/org.scala-sbt/sbt/1.2.0/sjson-new-core_2.12-0.8.2.jar
7f2a195eb000-7f2a195ef000 r--s 00038000 ca:01 52766                      /home/ec2-user/.sbt/boot/scala-2.12.6/org.scala-sbt/sbt/1.2.0/ssl-config-core_2.12-0.2.2.jar
7f2a195ef000-7f2a195f5000 r--s 00080000 ca:01 49697                      /home/ec2-user/.sbt/boot/scala-2.12.6/lib/scala-xml_2.12.jar
7f2a195f5000-7f2a196c6000 rw-p 00000000 00:00 0 
7f2a196c6000-7f2a196ce000 rw-s 00000000 ca:01 295065                     /tmp/hsperfdata_ec2-user/4272
7f2a196ce000-7f2a196d2000 ---p 00000000 00:00 0 
7f2a196d2000-7f2a197d4000 rw-p 00000000 00:00 0 
7f2a197d4000-7f2a197d5000 r--s 0000b000 ca:01 52775                      /home/ec2-user/.sbt/boot/scala-2.12.6/org.scala-sbt/sbt/1.2.0/zinc-ivy-integration_2.12-1.2.0.jar
7f2a197d5000-7f2a197d9000 r--s 0003e000 ca:01 49698                      /home/ec2-user/.sbt/boot/scala-2.12.6/lib/jline.jar
7f2a197d9000-7f2a197da000 rw-p 00000000 00:00 0 
7f2a197da000-7f2a197db000 ---p 00000000 00:00 0 
7f2a197db000-7f2a197dc000 rw-p 00000000 00:00 0 
7f2a197dc000-7f2a197dd000 r--p 00021000 ca:01 2682                       /lib64/ld-2.17.so
7f2a197dd000-7f2a197de000 rw-p 00022000 ca:01 2682                       /lib64/ld-2.17.so
7f2a197de000-7f2a197df000 rw-p 00000000 00:00 0 
7ffcf92a7000-7ffcf92c8000 rw-p 00000000 00:00 0                          [stack]
7ffcf9314000-7ffcf9317000 r--p 00000000 00:00 0                          [vvar]
7ffcf9317000-7ffcf9319000 r-xp 00000000 00:00 0                          [vdso]
ffffffffff600000-ffffffffff601000 r-xp 00000000 00:00 0                  [vsyscall]

VM Arguments:
jvm_args: -Xms1024m -Xmx1024m -XX:ReservedCodeCacheSize=128m -XX:MaxMetaspaceSize=256m 
java_command: /usr/share/sbt/bin/sbt-launch.jar dist
java_class_path (initial): /usr/share/sbt/bin/sbt-launch.jar
Launcher Type: SUN_STANDARD

Environment Variables:
JAVA_HOME=/usr/lib/jvm/java
PATH=/home/ec2-user/.nvm/versions/node/v6.14.3/bin:/usr/local/rvm/gems/ruby-2.4.1/bin:/usr/local/rvm/gems/ruby-2.4.1@global/bin:/usr/local/rvm/rubies/ruby-2.4.1/bin:/usr/local/bin:/bin:/usr/bin:/home/ec2-user/.local/bin:/home/ec2-user/bin:/usr/local/sbin:/usr/sbin:/sbin:/opt/aws/bin:/usr/local/rvm/bin:/home/ec2-user/.local/bin:/home/ec2-user/bin:/home/ec2-user/.local/bin:/home/ec2-user/bin
SHELL=/bin/bash

Signal Handlers:
SIGSEGV: [libjvm.so+0xab5370], sa_mask[0]=11111111011111111101111111111110, sa_flags=SA_RESTART|SA_SIGINFO
SIGBUS: [libjvm.so+0xab5370], sa_mask[0]=11111111011111111101111111111110, sa_flags=SA_RESTART|SA_SIGINFO
SIGFPE: [libjvm.so+0x8ac700], sa_mask[0]=11111111011111111101111111111110, sa_flags=SA_RESTART|SA_SIGINFO
SIGPIPE: [libjvm.so+0x8ac700], sa_mask[0]=11111111011111111101111111111110, sa_flags=SA_RESTART|SA_SIGINFO
SIGXFSZ: [libjvm.so+0x8ac700], sa_mask[0]=11111111011111111101111111111110, sa_flags=SA_RESTART|SA_SIGINFO
SIGILL: [libjvm.so+0x8ac700], sa_mask[0]=11111111011111111101111111111110, sa_flags=SA_RESTART|SA_SIGINFO
SIGUSR1: SIG_DFL, sa_mask[0]=00000000000000000000000000000000, sa_flags=none
SIGUSR2: [libjvm.so+0x8ac5b0], sa_mask[0]=00000000000000000000000000000000, sa_flags=SA_RESTART|SA_SIGINFO
SIGHUP: [libjvm.so+0x8ac7c0], sa_mask[0]=11111111011111111101111111111110, sa_flags=SA_RESTART|SA_SIGINFO
SIGINT: [libjvm.so+0x8ac7c0], sa_mask[0]=11111111011111111101111111111110, sa_flags=SA_RESTART|SA_SIGINFO
SIGTERM: [libjvm.so+0x8ac7c0], sa_mask[0]=11111111011111111101111111111110, sa_flags=SA_RESTART|SA_SIGINFO
SIGQUIT: [libjvm.so+0x8ac7c0], sa_mask[0]=11111111011111111101111111111110, sa_flags=SA_RESTART|SA_SIGINFO


---------------  S Y S T E M  ---------------

OS:Amazon Linux AMI release 2018.03

uname:Linux 4.14.47-56.37.amzn1.x86_64 #1 SMP Wed Jun 6 18:49:01 UTC 2018 x86_64
libc:glibc 2.17 NPTL 2.17 
rlimit: STACK 8192k, CORE 0k, NPROC 3867, NOFILE 4096, AS infinity
load average:4.94 2.99 1.27

/proc/meminfo:
MemTotal:        1011168 kB
MemFree:           60032 kB
MemAvailable:          0 kB
Buffers:              96 kB
Cached:             6348 kB
SwapCached:            0 kB
Active:           905248 kB
Inactive:           4628 kB
Active(anon):     903536 kB
Inactive(anon):       48 kB
Active(file):       1712 kB
Inactive(file):     4580 kB
Unevictable:           0 kB
Mlocked:               0 kB
SwapTotal:             0 kB
SwapFree:              0 kB
Dirty:                32 kB
Writeback:             0 kB
AnonPages:        903528 kB
Mapped:             4580 kB
Shmem:                56 kB
Slab:              22116 kB
SReclaimable:      11340 kB
SUnreclaim:        10776 kB
KernelStack:        2496 kB
PageTables:         5936 kB
NFS_Unstable:          0 kB
Bounce:                0 kB
WritebackTmp:          0 kB
CommitLimit:      505584 kB
Committed_AS:    1756708 kB
VmallocTotal:   34359738367 kB
VmallocUsed:           0 kB
VmallocChunk:          0 kB
AnonHugePages:         0 kB
ShmemHugePages:        0 kB
ShmemPmdMapped:        0 kB
HugePages_Total:       0
HugePages_Free:        0
HugePages_Rsvd:        0
HugePages_Surp:        0
Hugepagesize:       2048 kB
DirectMap4k:       47104 kB
DirectMap2M:     1001472 kB


CPU:total 1 (initial active 1) (1 cores per cpu, 1 threads per core) family 6 model 63 stepping 2, cmov, cx8, fxsr, mmx, sse, sse2, sse3, ssse3, sse4.1, sse4.2, popcnt, avx, avx2, aes, clmul, erms, lzcnt, tsc, bmi1, bmi2

/proc/cpuinfo:
processor	: 0
vendor_id	: GenuineIntel
cpu family	: 6
model		: 63
model name	: Intel(R) Xeon(R) CPU E5-2676 v3 @ 2.40GHz
stepping	: 2
microcode	: 0x3c
cpu MHz		: 2400.092
cache size	: 30720 KB
physical id	: 0
siblings	: 1
core id		: 0
cpu cores	: 1
apicid		: 0
initial apicid	: 0
fpu		: yes
fpu_exception	: yes
cpuid level	: 13
wp		: yes
flags		: fpu vme de pse tsc msr pae mce cx8 apic sep mtrr pge mca cmov pat pse36 clflush mmx fxsr sse sse2 ht syscall nx rdtscp lm constant_tsc rep_good nopl xtopology cpuid pni pclmulqdq ssse3 fma cx16 pcid sse4_1 sse4_2 x2apic movbe popcnt tsc_deadline_timer aes xsave avx f16c rdrand hypervisor lahf_lm abm cpuid_fault invpcid_single pti fsgsbase bmi1 avx2 smep bmi2 erms invpcid xsaveopt
bugs		: cpu_meltdown spectre_v1 spectre_v2 spec_store_bypass
bogomips	: 4800.11
clflush size	: 64
cache_alignment	: 64
address sizes	: 46 bits physical, 48 bits virtual
power management:



Memory: 4k page, physical 1011168k(61148k free), swap 0k(0k free)

vm_info: OpenJDK 64-Bit Server VM (25.171-b10) for linux-amd64 JRE (1.8.0_171-b10), built on Jun  5 2018 20:41:00 by "mockbuild" with gcc 4.8.5 20150623 (Red Hat 4.8.5-28)

time: Tue Aug 28 14:05:57 2018
elapsed time: 297 seconds (0d 0h 4m 57s)

